{"/Users/jayvicsanantonio/Developer/reflexa-ai/src/background/capabilityDetector.ts": {"path":"/Users/jayvicsanantonio/Developer/reflexa-ai/src/background/capabilityDetector.ts","statementMap":{},"fnMap":{},"branchMap":{},"s":{},"f":{},"b":{},"meta":{"lastBranch":0,"lastFunction":0,"lastStatement":0,"seen":{}}}
,"/Users/jayvicsanantonio/Developer/reflexa-ai/src/background/index.ts": {"path":"/Users/jayvicsanantonio/Developer/reflexa-ai/src/background/index.ts","statementMap":{"0":{"start":{"line":43,"column":0},"end":{"line":43,"column":null}},"1":{"start":{"line":46,"column":0},"end":{"line":46,"column":null}},"2":{"start":{"line":54,"column":2},"end":{"line":56,"column":null}},"3":{"start":{"line":55,"column":4},"end":{"line":55,"column":null}},"4":{"start":{"line":58,"column":2},"end":{"line":60,"column":null}},"5":{"start":{"line":59,"column":4},"end":{"line":59,"column":null}},"6":{"start":{"line":63,"column":36},"end":{"line":88,"column":null}},"7":{"start":{"line":90,"column":2},"end":{"line":90,"column":null}},"8":{"start":{"line":97,"column":0},"end":{"line":144,"column":null}},"9":{"start":{"line":99,"column":22},"end":{"line":99,"column":null}},"10":{"start":{"line":100,"column":4},"end":{"line":100,"column":null}},"11":{"start":{"line":103,"column":4},"end":{"line":113,"column":null}},"12":{"start":{"line":104,"column":23},"end":{"line":104,"column":null}},"13":{"start":{"line":105,"column":6},"end":{"line":105,"column":null}},"14":{"start":{"line":106,"column":6},"end":{"line":111,"column":null}},"15":{"start":{"line":112,"column":6},"end":{"line":112,"column":null}},"16":{"start":{"line":116,"column":4},"end":{"line":139,"column":null}},"17":{"start":{"line":118,"column":25},"end":{"line":118,"column":null}},"18":{"start":{"line":119,"column":8},"end":{"line":122,"column":null}},"19":{"start":{"line":123,"column":8},"end":{"line":123,"column":null}},"20":{"start":{"line":126,"column":25},"end":{"line":126,"column":null}},"21":{"start":{"line":127,"column":8},"end":{"line":130,"column":null}},"22":{"start":{"line":131,"column":8},"end":{"line":138,"column":null}},"23":{"start":{"line":142,"column":4},"end":{"line":142,"column":null}},"24":{"start":{"line":146,"column":0},"end":{"line":203,"column":null}},"25":{"start":{"line":147,"column":2},"end":{"line":147,"column":null}},"26":{"start":{"line":147,"column":33},"end":{"line":147,"column":null}},"27":{"start":{"line":149,"column":21},"end":{"line":149,"column":null}},"28":{"start":{"line":150,"column":25},"end":{"line":150,"column":null}},"29":{"start":{"line":150,"column":31},"end":{"line":150,"column":null}},"30":{"start":{"line":152,"column":2},"end":{"line":154,"column":null}},"31":{"start":{"line":153,"column":4},"end":{"line":153,"column":null}},"32":{"start":{"line":156,"column":2},"end":{"line":202,"column":null}},"33":{"start":{"line":157,"column":4},"end":{"line":157,"column":null}},"34":{"start":{"line":157,"column":26},"end":{"line":157,"column":null}},"35":{"start":{"line":158,"column":4},"end":{"line":160,"column":null}},"36":{"start":{"line":159,"column":6},"end":{"line":159,"column":null}},"37":{"start":{"line":162,"column":41},"end":{"line":162,"column":null}},"38":{"start":{"line":168,"column":4},"end":{"line":175,"column":null}},"39":{"start":{"line":169,"column":6},"end":{"line":173,"column":null}},"40":{"start":{"line":174,"column":6},"end":{"line":174,"column":null}},"41":{"start":{"line":177,"column":4},"end":{"line":201,"column":null}},"42":{"start":{"line":179,"column":8},"end":{"line":184,"column":null}},"43":{"start":{"line":185,"column":8},"end":{"line":185,"column":null}},"44":{"start":{"line":187,"column":8},"end":{"line":192,"column":null}},"45":{"start":{"line":193,"column":8},"end":{"line":193,"column":null}},"46":{"start":{"line":195,"column":8},"end":{"line":199,"column":null}},"47":{"start":{"line":200,"column":8},"end":{"line":200,"column":null}},"48":{"start":{"line":214,"column":2},"end":{"line":292,"column":null}},"49":{"start":{"line":216,"column":6},"end":{"line":216,"column":null}},"50":{"start":{"line":219,"column":6},"end":{"line":219,"column":null}},"51":{"start":{"line":222,"column":6},"end":{"line":222,"column":null}},"52":{"start":{"line":225,"column":6},"end":{"line":225,"column":null}},"53":{"start":{"line":228,"column":6},"end":{"line":228,"column":null}},"54":{"start":{"line":231,"column":6},"end":{"line":231,"column":null}},"55":{"start":{"line":234,"column":6},"end":{"line":234,"column":null}},"56":{"start":{"line":237,"column":6},"end":{"line":237,"column":null}},"57":{"start":{"line":240,"column":6},"end":{"line":240,"column":null}},"58":{"start":{"line":243,"column":6},"end":{"line":243,"column":null}},"59":{"start":{"line":246,"column":6},"end":{"line":246,"column":null}},"60":{"start":{"line":249,"column":6},"end":{"line":249,"column":null}},"61":{"start":{"line":252,"column":6},"end":{"line":252,"column":null}},"62":{"start":{"line":255,"column":6},"end":{"line":255,"column":null}},"63":{"start":{"line":258,"column":6},"end":{"line":258,"column":null}},"64":{"start":{"line":261,"column":6},"end":{"line":261,"column":null}},"65":{"start":{"line":264,"column":6},"end":{"line":264,"column":null}},"66":{"start":{"line":267,"column":6},"end":{"line":267,"column":null}},"67":{"start":{"line":270,"column":6},"end":{"line":270,"column":null}},"68":{"start":{"line":273,"column":6},"end":{"line":273,"column":null}},"69":{"start":{"line":276,"column":6},"end":{"line":276,"column":null}},"70":{"start":{"line":279,"column":6},"end":{"line":279,"column":null}},"71":{"start":{"line":282,"column":6},"end":{"line":282,"column":null}},"72":{"start":{"line":285,"column":6},"end":{"line":285,"column":null}},"73":{"start":{"line":288,"column":6},"end":{"line":291,"column":null}},"74":{"start":{"line":298,"column":0},"end":{"line":325,"column":null}},"75":{"start":{"line":299,"column":2},"end":{"line":299,"column":null}},"76":{"start":{"line":302,"column":2},"end":{"line":302,"column":null}},"77":{"start":{"line":305,"column":2},"end":{"line":305,"column":null}},"78":{"start":{"line":308,"column":20},"end":{"line":308,"column":null}},"79":{"start":{"line":309,"column":2},"end":{"line":311,"column":null}},"80":{"start":{"line":310,"column":4},"end":{"line":310,"column":null}},"81":{"start":{"line":313,"column":2},"end":{"line":313,"column":null}},"82":{"start":{"line":316,"column":23},"end":{"line":316,"column":null}},"83":{"start":{"line":317,"column":2},"end":{"line":317,"column":null}},"84":{"start":{"line":320,"column":17},"end":{"line":320,"column":null}},"85":{"start":{"line":321,"column":2},"end":{"line":324,"column":null}},"86":{"start":{"line":322,"column":4},"end":{"line":322,"column":null}},"87":{"start":{"line":323,"column":4},"end":{"line":323,"column":null}},"88":{"start":{"line":330,"column":0},"end":{"line":350,"column":null}},"89":{"start":{"line":331,"column":2},"end":{"line":331,"column":null}},"90":{"start":{"line":334,"column":2},"end":{"line":334,"column":null}},"91":{"start":{"line":337,"column":2},"end":{"line":337,"column":null}},"92":{"start":{"line":340,"column":20},"end":{"line":340,"column":null}},"93":{"start":{"line":341,"column":2},"end":{"line":343,"column":null}},"94":{"start":{"line":342,"column":4},"end":{"line":342,"column":null}},"95":{"start":{"line":345,"column":2},"end":{"line":345,"column":null}},"96":{"start":{"line":348,"column":23},"end":{"line":348,"column":null}},"97":{"start":{"line":349,"column":2},"end":{"line":349,"column":null}},"98":{"start":{"line":356,"column":0},"end":{"line":371,"column":null}},"99":{"start":{"line":357,"column":17},"end":{"line":357,"column":null}},"100":{"start":{"line":358,"column":18},"end":{"line":358,"column":null}},"101":{"start":{"line":361,"column":2},"end":{"line":364,"column":null}},"102":{"start":{"line":362,"column":4},"end":{"line":362,"column":null}},"103":{"start":{"line":363,"column":4},"end":{"line":363,"column":null}},"104":{"start":{"line":367,"column":2},"end":{"line":370,"column":null}},"105":{"start":{"line":368,"column":4},"end":{"line":368,"column":null}},"106":{"start":{"line":369,"column":4},"end":{"line":369,"column":null}},"107":{"start":{"line":378,"column":2},"end":{"line":420,"column":null}},"108":{"start":{"line":379,"column":23},"end":{"line":385,"column":null}},"109":{"start":{"line":387,"column":45},"end":{"line":396,"column":null}},"110":{"start":{"line":398,"column":45},"end":{"line":398,"column":null}},"111":{"start":{"line":399,"column":31},"end":{"line":399,"column":null}},"112":{"start":{"line":402,"column":5},"end":{"line":411,"column":null}},"113":{"start":{"line":403,"column":24},"end":{"line":403,"column":null}},"114":{"start":{"line":404,"column":29},"end":{"line":404,"column":null}},"115":{"start":{"line":405,"column":29},"end":{"line":405,"column":null}},"116":{"start":{"line":406,"column":33},"end":{"line":406,"column":null}},"117":{"start":{"line":407,"column":6},"end":{"line":410,"column":null}},"118":{"start":{"line":408,"column":8},"end":{"line":408,"column":null}},"119":{"start":{"line":409,"column":8},"end":{"line":409,"column":null}},"120":{"start":{"line":413,"column":4},"end":{"line":417,"column":null}},"121":{"start":{"line":414,"column":6},"end":{"line":414,"column":null}},"122":{"start":{"line":415,"column":6},"end":{"line":415,"column":null}},"123":{"start":{"line":416,"column":6},"end":{"line":416,"column":null}},"124":{"start":{"line":419,"column":4},"end":{"line":419,"column":null}}},"fnMap":{"0":{"name":"isValidMessage","decl":{"start":{"line":53,"column":9},"end":{"line":53,"column":24}},"loc":{"start":{"line":53,"column":62},"end":{"line":91,"column":null}},"line":53},"1":{"name":"(anonymous_1)","decl":{"start":{"line":98,"column":2},"end":{"line":98,"column":3}},"loc":{"start":{"line":98,"column":47},"end":{"line":143,"column":null}},"line":98},"2":{"name":"(anonymous_2)","decl":{"start":{"line":117,"column":12},"end":{"line":117,"column":13}},"loc":{"start":{"line":117,"column":26},"end":{"line":124,"column":7}},"line":117},"3":{"name":"(anonymous_3)","decl":{"start":{"line":125,"column":13},"end":{"line":125,"column":14}},"loc":{"start":{"line":125,"column":24},"end":{"line":139,"column":7}},"line":125},"4":{"name":"(anonymous_4)","decl":{"start":{"line":146,"column":37},"end":{"line":146,"column":38}},"loc":{"start":{"line":146,"column":47},"end":{"line":203,"column":1}},"line":146},"5":{"name":"(anonymous_5)","decl":{"start":{"line":150,"column":25},"end":{"line":150,"column":31}},"loc":{"start":{"line":150,"column":31},"end":{"line":150,"column":null}},"line":150},"6":{"name":"(anonymous_6)","decl":{"start":{"line":152,"column":32},"end":{"line":152,"column":38}},"loc":{"start":{"line":152,"column":38},"end":{"line":154,"column":3}},"line":152},"7":{"name":"(anonymous_7)","decl":{"start":{"line":156,"column":29},"end":{"line":156,"column":30}},"loc":{"start":{"line":156,"column":42},"end":{"line":202,"column":3}},"line":156},"8":{"name":"handleMessage","decl":{"start":{"line":210,"column":22},"end":{"line":210,"column":null}},"loc":{"start":{"line":213,"column":23},"end":{"line":293,"column":null}},"line":213},"9":{"name":"(anonymous_9)","decl":{"start":{"line":298,"column":39},"end":{"line":298,"column":51}},"loc":{"start":{"line":298,"column":51},"end":{"line":325,"column":1}},"line":298},"10":{"name":"(anonymous_10)","decl":{"start":{"line":330,"column":37},"end":{"line":330,"column":49}},"loc":{"start":{"line":330,"column":49},"end":{"line":350,"column":1}},"line":330},"11":{"name":"(anonymous_11)","decl":{"start":{"line":356,"column":44},"end":{"line":356,"column":45}},"loc":{"start":{"line":356,"column":55},"end":{"line":371,"column":1}},"line":356},"12":{"name":"migrateStorageKeysIfNeeded","decl":{"start":{"line":377,"column":15},"end":{"line":377,"column":59}},"loc":{"start":{"line":377,"column":59},"end":{"line":421,"column":null}},"line":377},"13":{"name":"(anonymous_13)","decl":{"start":{"line":402,"column":69},"end":{"line":402,"column":70}},"loc":{"start":{"line":402,"column":76},"end":{"line":411,"column":5}},"line":402}},"branchMap":{"0":{"loc":{"start":{"line":54,"column":2},"end":{"line":56,"column":null}},"type":"if","locations":[{"start":{"line":54,"column":2},"end":{"line":56,"column":null}},{"start":{},"end":{}}],"line":54},"1":{"loc":{"start":{"line":54,"column":6},"end":{"line":54,"column":47}},"type":"binary-expr","locations":[{"start":{"line":54,"column":6},"end":{"line":54,"column":18}},{"start":{"line":54,"column":18},"end":{"line":54,"column":47}}],"line":54},"2":{"loc":{"start":{"line":58,"column":2},"end":{"line":60,"column":null}},"type":"if","locations":[{"start":{"line":58,"column":2},"end":{"line":60,"column":null}},{"start":{},"end":{}}],"line":58},"3":{"loc":{"start":{"line":58,"column":6},"end":{"line":58,"column":64}},"type":"binary-expr","locations":[{"start":{"line":58,"column":6},"end":{"line":58,"column":30}},{"start":{"line":58,"column":30},"end":{"line":58,"column":64}}],"line":58},"4":{"loc":{"start":{"line":103,"column":4},"end":{"line":113,"column":null}},"type":"if","locations":[{"start":{"line":103,"column":4},"end":{"line":113,"column":null}},{"start":{},"end":{}}],"line":103},"5":{"loc":{"start":{"line":121,"column":10},"end":{"line":121,"column":null}},"type":"cond-expr","locations":[{"start":{"line":121,"column":29},"end":{"line":121,"column":35}},{"start":{"line":121,"column":35},"end":{"line":121,"column":null}}],"line":121},"6":{"loc":{"start":{"line":133,"column":12},"end":{"line":135,"column":null}},"type":"cond-expr","locations":[{"start":{"line":134,"column":16},"end":{"line":134,"column":null}},{"start":{"line":135,"column":16},"end":{"line":135,"column":null}}],"line":133},"7":{"loc":{"start":{"line":147,"column":2},"end":{"line":147,"column":null}},"type":"if","locations":[{"start":{"line":147,"column":2},"end":{"line":147,"column":null}},{"start":{},"end":{}}],"line":147},"8":{"loc":{"start":{"line":157,"column":4},"end":{"line":157,"column":null}},"type":"if","locations":[{"start":{"line":157,"column":4},"end":{"line":157,"column":null}},{"start":{},"end":{}}],"line":157},"9":{"loc":{"start":{"line":158,"column":4},"end":{"line":160,"column":null}},"type":"if","locations":[{"start":{"line":158,"column":4},"end":{"line":160,"column":null}},{"start":{},"end":{}}],"line":158},"10":{"loc":{"start":{"line":158,"column":8},"end":{"line":158,"column":49}},"type":"binary-expr","locations":[{"start":{"line":158,"column":8},"end":{"line":158,"column":20}},{"start":{"line":158,"column":20},"end":{"line":158,"column":49}}],"line":158},"11":{"loc":{"start":{"line":168,"column":4},"end":{"line":175,"column":null}},"type":"if","locations":[{"start":{"line":168,"column":4},"end":{"line":175,"column":null}},{"start":{},"end":{}}],"line":168},"12":{"loc":{"start":{"line":168,"column":8},"end":{"line":168,"column":29}},"type":"binary-expr","locations":[{"start":{"line":168,"column":8},"end":{"line":168,"column":17}},{"start":{"line":168,"column":17},"end":{"line":168,"column":29}}],"line":168},"13":{"loc":{"start":{"line":177,"column":4},"end":{"line":201,"column":null}},"type":"switch","locations":[{"start":{"line":178,"column":6},"end":{"line":185,"column":null}},{"start":{"line":186,"column":6},"end":{"line":193,"column":null}},{"start":{"line":194,"column":6},"end":{"line":200,"column":null}}],"line":177},"14":{"loc":{"start":{"line":214,"column":2},"end":{"line":292,"column":null}},"type":"switch","locations":[{"start":{"line":215,"column":4},"end":{"line":216,"column":null}},{"start":{"line":218,"column":4},"end":{"line":219,"column":null}},{"start":{"line":221,"column":4},"end":{"line":222,"column":null}},{"start":{"line":224,"column":4},"end":{"line":225,"column":null}},{"start":{"line":227,"column":4},"end":{"line":228,"column":null}},{"start":{"line":230,"column":4},"end":{"line":231,"column":null}},{"start":{"line":233,"column":4},"end":{"line":234,"column":null}},{"start":{"line":236,"column":4},"end":{"line":237,"column":null}},{"start":{"line":239,"column":4},"end":{"line":240,"column":null}},{"start":{"line":242,"column":4},"end":{"line":243,"column":null}},{"start":{"line":245,"column":4},"end":{"line":246,"column":null}},{"start":{"line":248,"column":4},"end":{"line":249,"column":null}},{"start":{"line":251,"column":4},"end":{"line":252,"column":null}},{"start":{"line":254,"column":4},"end":{"line":255,"column":null}},{"start":{"line":257,"column":4},"end":{"line":258,"column":null}},{"start":{"line":260,"column":4},"end":{"line":261,"column":null}},{"start":{"line":263,"column":4},"end":{"line":264,"column":null}},{"start":{"line":266,"column":4},"end":{"line":267,"column":null}},{"start":{"line":269,"column":4},"end":{"line":270,"column":null}},{"start":{"line":272,"column":4},"end":{"line":273,"column":null}},{"start":{"line":275,"column":4},"end":{"line":276,"column":null}},{"start":{"line":278,"column":4},"end":{"line":279,"column":null}},{"start":{"line":281,"column":4},"end":{"line":282,"column":null}},{"start":{"line":284,"column":4},"end":{"line":285,"column":null}},{"start":{"line":287,"column":4},"end":{"line":291,"column":null}}],"line":214},"15":{"loc":{"start":{"line":309,"column":2},"end":{"line":311,"column":null}},"type":"if","locations":[{"start":{"line":309,"column":2},"end":{"line":311,"column":null}},{"start":{},"end":{}}],"line":309},"16":{"loc":{"start":{"line":321,"column":2},"end":{"line":324,"column":null}},"type":"if","locations":[{"start":{"line":321,"column":2},"end":{"line":324,"column":null}},{"start":{},"end":{}}],"line":321},"17":{"loc":{"start":{"line":341,"column":2},"end":{"line":343,"column":null}},"type":"if","locations":[{"start":{"line":341,"column":2},"end":{"line":343,"column":null}},{"start":{},"end":{}}],"line":341},"18":{"loc":{"start":{"line":358,"column":18},"end":{"line":358,"column":null}},"type":"binary-expr","locations":[{"start":{"line":358,"column":18},"end":{"line":358,"column":37}},{"start":{"line":358,"column":37},"end":{"line":358,"column":null}}],"line":358},"19":{"loc":{"start":{"line":361,"column":2},"end":{"line":364,"column":null}},"type":"if","locations":[{"start":{"line":361,"column":2},"end":{"line":364,"column":null}},{"start":{},"end":{}}],"line":361},"20":{"loc":{"start":{"line":361,"column":6},"end":{"line":361,"column":71}},"type":"binary-expr","locations":[{"start":{"line":361,"column":6},"end":{"line":361,"column":35}},{"start":{"line":361,"column":35},"end":{"line":361,"column":71}}],"line":361},"21":{"loc":{"start":{"line":367,"column":2},"end":{"line":370,"column":null}},"type":"if","locations":[{"start":{"line":367,"column":2},"end":{"line":370,"column":null}},{"start":{},"end":{}}],"line":367},"22":{"loc":{"start":{"line":407,"column":6},"end":{"line":410,"column":null}},"type":"if","locations":[{"start":{"line":407,"column":6},"end":{"line":410,"column":null}},{"start":{},"end":{}}],"line":407},"23":{"loc":{"start":{"line":407,"column":10},"end":{"line":407,"column":49}},"type":"binary-expr","locations":[{"start":{"line":407,"column":10},"end":{"line":407,"column":28}},{"start":{"line":407,"column":28},"end":{"line":407,"column":49}}],"line":407},"24":{"loc":{"start":{"line":413,"column":4},"end":{"line":417,"column":null}},"type":"if","locations":[{"start":{"line":413,"column":4},"end":{"line":417,"column":null}},{"start":{},"end":{}}],"line":413}},"s":{"0":1,"1":1,"2":0,"3":0,"4":0,"5":0,"6":0,"7":0,"8":1,"9":0,"10":0,"11":0,"12":0,"13":0,"14":0,"15":0,"16":0,"17":0,"18":0,"19":0,"20":0,"21":0,"22":0,"23":0,"24":1,"25":0,"26":0,"27":0,"28":0,"29":0,"30":0,"31":0,"32":0,"33":0,"34":0,"35":0,"36":0,"37":0,"38":0,"39":0,"40":0,"41":0,"42":0,"43":0,"44":0,"45":0,"46":0,"47":0,"48":49,"49":21,"50":1,"51":0,"52":8,"53":0,"54":4,"55":3,"56":6,"57":2,"58":0,"59":1,"60":1,"61":1,"62":1,"63":0,"64":0,"65":0,"66":0,"67":0,"68":0,"69":0,"70":0,"71":0,"72":0,"73":0,"74":1,"75":0,"76":0,"77":0,"78":0,"79":0,"80":0,"81":0,"82":0,"83":0,"84":0,"85":0,"86":0,"87":0,"88":1,"89":0,"90":0,"91":0,"92":0,"93":0,"94":0,"95":0,"96":0,"97":0,"98":1,"99":0,"100":0,"101":0,"102":0,"103":0,"104":0,"105":0,"106":0,"107":0,"108":0,"109":0,"110":0,"111":0,"112":0,"113":0,"114":0,"115":0,"116":0,"117":0,"118":0,"119":0,"120":0,"121":0,"122":0,"123":0,"124":0},"f":{"0":0,"1":0,"2":0,"3":0,"4":0,"5":0,"6":0,"7":0,"8":49,"9":0,"10":0,"11":0,"12":0,"13":0},"b":{"0":[0,0],"1":[0,0],"2":[0,0],"3":[0,0],"4":[0,0],"5":[0,0],"6":[0,0],"7":[0,0],"8":[0,0],"9":[0,0],"10":[0,0],"11":[0,0],"12":[0,0],"13":[0,0,0],"14":[21,1,0,8,0,4,3,6,2,0,1,1,1,1,0,0,0,0,0,0,0,0,0,0,0],"15":[0,0],"16":[0,0],"17":[0,0],"18":[0,0],"19":[0,0],"20":[0,0],"21":[0,0],"22":[0,0],"23":[0,0],"24":[0,0]},"meta":{"lastBranch":25,"lastFunction":14,"lastStatement":125,"seen":{"s:43:0:43:Infinity":0,"s:46:0:46:Infinity":1,"f:53:9:53:24":0,"b:54:2:56:Infinity:undefined:undefined:undefined:undefined":0,"s:54:2:56:Infinity":2,"b:54:6:54:18:54:18:54:47":1,"s:55:4:55:Infinity":3,"b:58:2:60:Infinity:undefined:undefined:undefined:undefined":2,"s:58:2:60:Infinity":4,"b:58:6:58:30:58:30:58:64":3,"s:59:4:59:Infinity":5,"s:63:36:88:Infinity":6,"s:90:2:90:Infinity":7,"s:97:0:144:Infinity":8,"f:98:2:98:3":1,"s:99:22:99:Infinity":9,"s:100:4:100:Infinity":10,"b:103:4:113:Infinity:undefined:undefined:undefined:undefined":4,"s:103:4:113:Infinity":11,"s:104:23:104:Infinity":12,"s:105:6:105:Infinity":13,"s:106:6:111:Infinity":14,"s:112:6:112:Infinity":15,"s:116:4:139:Infinity":16,"f:117:12:117:13":2,"s:118:25:118:Infinity":17,"s:119:8:122:Infinity":18,"b:121:29:121:35:121:35:121:Infinity":5,"s:123:8:123:Infinity":19,"f:125:13:125:14":3,"s:126:25:126:Infinity":20,"s:127:8:130:Infinity":21,"s:131:8:138:Infinity":22,"b:134:16:134:Infinity:135:16:135:Infinity":6,"s:142:4:142:Infinity":23,"s:146:0:203:Infinity":24,"f:146:37:146:38":4,"b:147:2:147:Infinity:undefined:undefined:undefined:undefined":7,"s:147:2:147:Infinity":25,"s:147:33:147:Infinity":26,"s:149:21:149:Infinity":27,"s:150:25:150:Infinity":28,"f:150:25:150:31":5,"s:150:31:150:Infinity":29,"s:152:2:154:Infinity":30,"f:152:32:152:38":6,"s:153:4:153:Infinity":31,"s:156:2:202:Infinity":32,"f:156:29:156:30":7,"b:157:4:157:Infinity:undefined:undefined:undefined:undefined":8,"s:157:4:157:Infinity":33,"s:157:26:157:Infinity":34,"b:158:4:160:Infinity:undefined:undefined:undefined:undefined":9,"s:158:4:160:Infinity":35,"b:158:8:158:20:158:20:158:49":10,"s:159:6:159:Infinity":36,"s:162:41:162:Infinity":37,"b:168:4:175:Infinity:undefined:undefined:undefined:undefined":11,"s:168:4:175:Infinity":38,"b:168:8:168:17:168:17:168:29":12,"s:169:6:173:Infinity":39,"s:174:6:174:Infinity":40,"b:178:6:185:Infinity:186:6:193:Infinity:194:6:200:Infinity":13,"s:177:4:201:Infinity":41,"s:179:8:184:Infinity":42,"s:185:8:185:Infinity":43,"s:187:8:192:Infinity":44,"s:193:8:193:Infinity":45,"s:195:8:199:Infinity":46,"s:200:8:200:Infinity":47,"f:210:22:210:Infinity":8,"b:215:4:216:Infinity:218:4:219:Infinity:221:4:222:Infinity:224:4:225:Infinity:227:4:228:Infinity:230:4:231:Infinity:233:4:234:Infinity:236:4:237:Infinity:239:4:240:Infinity:242:4:243:Infinity:245:4:246:Infinity:248:4:249:Infinity:251:4:252:Infinity:254:4:255:Infinity:257:4:258:Infinity:260:4:261:Infinity:263:4:264:Infinity:266:4:267:Infinity:269:4:270:Infinity:272:4:273:Infinity:275:4:276:Infinity:278:4:279:Infinity:281:4:282:Infinity:284:4:285:Infinity:287:4:291:Infinity":14,"s:214:2:292:Infinity":48,"s:216:6:216:Infinity":49,"s:219:6:219:Infinity":50,"s:222:6:222:Infinity":51,"s:225:6:225:Infinity":52,"s:228:6:228:Infinity":53,"s:231:6:231:Infinity":54,"s:234:6:234:Infinity":55,"s:237:6:237:Infinity":56,"s:240:6:240:Infinity":57,"s:243:6:243:Infinity":58,"s:246:6:246:Infinity":59,"s:249:6:249:Infinity":60,"s:252:6:252:Infinity":61,"s:255:6:255:Infinity":62,"s:258:6:258:Infinity":63,"s:261:6:261:Infinity":64,"s:264:6:264:Infinity":65,"s:267:6:267:Infinity":66,"s:270:6:270:Infinity":67,"s:273:6:273:Infinity":68,"s:276:6:276:Infinity":69,"s:279:6:279:Infinity":70,"s:282:6:282:Infinity":71,"s:285:6:285:Infinity":72,"s:288:6:291:Infinity":73,"s:298:0:325:Infinity":74,"f:298:39:298:51":9,"s:299:2:299:Infinity":75,"s:302:2:302:Infinity":76,"s:305:2:305:Infinity":77,"s:308:20:308:Infinity":78,"b:309:2:311:Infinity:undefined:undefined:undefined:undefined":15,"s:309:2:311:Infinity":79,"s:310:4:310:Infinity":80,"s:313:2:313:Infinity":81,"s:316:23:316:Infinity":82,"s:317:2:317:Infinity":83,"s:320:17:320:Infinity":84,"b:321:2:324:Infinity:undefined:undefined:undefined:undefined":16,"s:321:2:324:Infinity":85,"s:322:4:322:Infinity":86,"s:323:4:323:Infinity":87,"s:330:0:350:Infinity":88,"f:330:37:330:49":10,"s:331:2:331:Infinity":89,"s:334:2:334:Infinity":90,"s:337:2:337:Infinity":91,"s:340:20:340:Infinity":92,"b:341:2:343:Infinity:undefined:undefined:undefined:undefined":17,"s:341:2:343:Infinity":93,"s:342:4:342:Infinity":94,"s:345:2:345:Infinity":95,"s:348:23:348:Infinity":96,"s:349:2:349:Infinity":97,"s:356:0:371:Infinity":98,"f:356:44:356:45":11,"s:357:17:357:Infinity":99,"s:358:18:358:Infinity":100,"b:358:18:358:37:358:37:358:Infinity":18,"b:361:2:364:Infinity:undefined:undefined:undefined:undefined":19,"s:361:2:364:Infinity":101,"b:361:6:361:35:361:35:361:71":20,"s:362:4:362:Infinity":102,"s:363:4:363:Infinity":103,"b:367:2:370:Infinity:undefined:undefined:undefined:undefined":21,"s:367:2:370:Infinity":104,"s:368:4:368:Infinity":105,"s:369:4:369:Infinity":106,"f:377:15:377:59":12,"s:378:2:420:Infinity":107,"s:379:23:385:Infinity":108,"s:387:45:396:Infinity":109,"s:398:45:398:Infinity":110,"s:399:31:399:Infinity":111,"s:402:5:411:Infinity":112,"f:402:69:402:70":13,"s:403:24:403:Infinity":113,"s:404:29:404:Infinity":114,"s:405:29:405:Infinity":115,"s:406:33:406:Infinity":116,"b:407:6:410:Infinity:undefined:undefined:undefined:undefined":22,"s:407:6:410:Infinity":117,"b:407:10:407:28:407:28:407:49":23,"s:408:8:408:Infinity":118,"s:409:8:409:Infinity":119,"b:413:4:417:Infinity:undefined:undefined:undefined:undefined":24,"s:413:4:417:Infinity":120,"s:414:6:414:Infinity":121,"s:415:6:415:Infinity":122,"s:416:6:416:Infinity":123,"s:419:4:419:Infinity":124}}}
,"/Users/jayvicsanantonio/Developer/reflexa-ai/src/background/promptManager.ts": {"path":"/Users/jayvicsanantonio/Developer/reflexa-ai/src/background/promptManager.ts","statementMap":{},"fnMap":{},"branchMap":{},"s":{},"f":{},"b":{},"meta":{"lastBranch":0,"lastFunction":0,"lastStatement":0,"seen":{}}}
,"/Users/jayvicsanantonio/Developer/reflexa-ai/src/background/settingsManager.ts": {"path":"/Users/jayvicsanantonio/Developer/reflexa-ai/src/background/settingsManager.ts","statementMap":{},"fnMap":{},"branchMap":{},"s":{},"f":{},"b":{},"meta":{"lastBranch":0,"lastFunction":0,"lastStatement":0,"seen":{}}}
,"/Users/jayvicsanantonio/Developer/reflexa-ai/src/background/storageManager.ts": {"path":"/Users/jayvicsanantonio/Developer/reflexa-ai/src/background/storageManager.ts","statementMap":{},"fnMap":{},"branchMap":{},"s":{},"f":{},"b":{},"meta":{"lastBranch":0,"lastFunction":0,"lastStatement":0,"seen":{}}}
,"/Users/jayvicsanantonio/Developer/reflexa-ai/src/background/handlers/index.ts": {"path":"/Users/jayvicsanantonio/Developer/reflexa-ai/src/background/handlers/index.ts","statementMap":{},"fnMap":{},"branchMap":{},"s":{},"f":{},"b":{},"meta":{"lastBranch":0,"lastFunction":0,"lastStatement":0,"seen":{}}}
,"/Users/jayvicsanantonio/Developer/reflexa-ai/src/background/handlers/messageHandlers.ts": {"path":"/Users/jayvicsanantonio/Developer/reflexa-ai/src/background/handlers/messageHandlers.ts","statementMap":{},"fnMap":{},"branchMap":{},"s":{},"f":{},"b":{},"meta":{"lastBranch":0,"lastFunction":0,"lastStatement":0,"seen":{}}}
,"/Users/jayvicsanantonio/Developer/reflexa-ai/src/background/handlers/ai/aiHandlers.ts": {"path":"/Users/jayvicsanantonio/Developer/reflexa-ai/src/background/handlers/ai/aiHandlers.ts","statementMap":{"0":{"start":{"line":33,"column":20},"end":{"line":33,"column":null}},"1":{"start":{"line":35,"column":2},"end":{"line":163,"column":null}},"2":{"start":{"line":38,"column":32},"end":{"line":38,"column":null}},"3":{"start":{"line":42,"column":4},"end":{"line":67,"column":null}},"4":{"start":{"line":43,"column":6},"end":{"line":43,"column":null}},"5":{"start":{"line":44,"column":4},"end":{"line":67,"column":null}},"6":{"start":{"line":45,"column":25},"end":{"line":45,"column":null}},"7":{"start":{"line":52,"column":6},"end":{"line":52,"column":null}},"8":{"start":{"line":53,"column":6},"end":{"line":53,"column":null}},"9":{"start":{"line":54,"column":6},"end":{"line":54,"column":null}},"10":{"start":{"line":55,"column":6},"end":{"line":59,"column":null}},"11":{"start":{"line":56,"column":8},"end":{"line":56,"column":null}},"12":{"start":{"line":57,"column":6},"end":{"line":59,"column":null}},"13":{"start":{"line":58,"column":8},"end":{"line":58,"column":null}},"14":{"start":{"line":61,"column":6},"end":{"line":61,"column":null}},"15":{"start":{"line":62,"column":6},"end":{"line":66,"column":null}},"16":{"start":{"line":69,"column":4},"end":{"line":75,"column":null}},"17":{"start":{"line":70,"column":6},"end":{"line":74,"column":null}},"18":{"start":{"line":78,"column":27},"end":{"line":78,"column":null}},"19":{"start":{"line":79,"column":4},"end":{"line":85,"column":null}},"20":{"start":{"line":80,"column":6},"end":{"line":84,"column":null}},"21":{"start":{"line":86,"column":21},"end":{"line":86,"column":null}},"22":{"start":{"line":88,"column":4},"end":{"line":90,"column":null}},"23":{"start":{"line":94,"column":6},"end":{"line":94,"column":null}},"24":{"start":{"line":96,"column":6},"end":{"line":96,"column":null}},"25":{"start":{"line":98,"column":4},"end":{"line":100,"column":null}},"26":{"start":{"line":104,"column":6},"end":{"line":104,"column":null}},"27":{"start":{"line":105,"column":4},"end":{"line":107,"column":null}},"28":{"start":{"line":110,"column":6},"end":{"line":110,"column":null}},"29":{"start":{"line":114,"column":4},"end":{"line":138,"column":null}},"30":{"start":{"line":115,"column":6},"end":{"line":117,"column":null}},"31":{"start":{"line":119,"column":6},"end":{"line":126,"column":null}},"32":{"start":{"line":121,"column":10},"end":{"line":124,"column":null}},"33":{"start":{"line":127,"column":6},"end":{"line":127,"column":null}},"34":{"start":{"line":129,"column":6},"end":{"line":131,"column":null}},"35":{"start":{"line":133,"column":6},"end":{"line":136,"column":null}},"36":{"start":{"line":134,"column":14},"end":{"line":134,"column":null}},"37":{"start":{"line":137,"column":6},"end":{"line":137,"column":null}},"38":{"start":{"line":140,"column":21},"end":{"line":140,"column":null}},"39":{"start":{"line":142,"column":4},"end":{"line":145,"column":null}},"40":{"start":{"line":143,"column":6},"end":{"line":143,"column":null}},"41":{"start":{"line":144,"column":6},"end":{"line":144,"column":null}},"42":{"start":{"line":147,"column":4},"end":{"line":147,"column":null}},"43":{"start":{"line":148,"column":4},"end":{"line":152,"column":null}},"44":{"start":{"line":149,"column":6},"end":{"line":149,"column":null}},"45":{"start":{"line":153,"column":4},"end":{"line":153,"column":null}},"46":{"start":{"line":155,"column":21},"end":{"line":155,"column":null}},"47":{"start":{"line":156,"column":4},"end":{"line":156,"column":null}},"48":{"start":{"line":157,"column":4},"end":{"line":161,"column":null}},"49":{"start":{"line":158,"column":6},"end":{"line":158,"column":null}},"50":{"start":{"line":162,"column":4},"end":{"line":162,"column":null}},"51":{"start":{"line":172,"column":20},"end":{"line":172,"column":null}},"52":{"start":{"line":174,"column":2},"end":{"line":227,"column":null}},"53":{"start":{"line":178,"column":4},"end":{"line":190,"column":null}},"54":{"start":{"line":179,"column":6},"end":{"line":179,"column":null}},"55":{"start":{"line":180,"column":4},"end":{"line":190,"column":null}},"56":{"start":{"line":181,"column":25},"end":{"line":181,"column":null}},"57":{"start":{"line":182,"column":6},"end":{"line":182,"column":null}},"58":{"start":{"line":184,"column":6},"end":{"line":184,"column":null}},"59":{"start":{"line":185,"column":6},"end":{"line":189,"column":null}},"60":{"start":{"line":192,"column":4},"end":{"line":198,"column":null}},"61":{"start":{"line":193,"column":6},"end":{"line":197,"column":null}},"62":{"start":{"line":201,"column":22},"end":{"line":201,"column":null}},"63":{"start":{"line":202,"column":4},"end":{"line":209,"column":null}},"64":{"start":{"line":203,"column":6},"end":{"line":203,"column":null}},"65":{"start":{"line":204,"column":6},"end":{"line":208,"column":null}},"66":{"start":{"line":212,"column":4},"end":{"line":212,"column":null}},"67":{"start":{"line":213,"column":20},"end":{"line":213,"column":null}},"68":{"start":{"line":214,"column":21},"end":{"line":214,"column":null}},"69":{"start":{"line":216,"column":4},"end":{"line":219,"column":null}},"70":{"start":{"line":217,"column":6},"end":{"line":217,"column":null}},"71":{"start":{"line":218,"column":6},"end":{"line":218,"column":null}},"72":{"start":{"line":221,"column":4},"end":{"line":221,"column":null}},"73":{"start":{"line":222,"column":4},"end":{"line":222,"column":null}},"74":{"start":{"line":224,"column":21},"end":{"line":224,"column":null}},"75":{"start":{"line":225,"column":4},"end":{"line":225,"column":null}},"76":{"start":{"line":226,"column":4},"end":{"line":226,"column":null}},"77":{"start":{"line":236,"column":20},"end":{"line":236,"column":null}},"78":{"start":{"line":237,"column":2},"end":{"line":342,"column":null}},"79":{"start":{"line":242,"column":4},"end":{"line":257,"column":null}},"80":{"start":{"line":243,"column":6},"end":{"line":243,"column":null}},"81":{"start":{"line":244,"column":4},"end":{"line":257,"column":null}},"82":{"start":{"line":245,"column":25},"end":{"line":245,"column":null}},"83":{"start":{"line":249,"column":6},"end":{"line":249,"column":null}},"84":{"start":{"line":250,"column":6},"end":{"line":250,"column":null}},"85":{"start":{"line":252,"column":6},"end":{"line":256,"column":null}},"86":{"start":{"line":259,"column":4},"end":{"line":265,"column":null}},"87":{"start":{"line":260,"column":6},"end":{"line":264,"column":null}},"88":{"start":{"line":268,"column":27},"end":{"line":268,"column":null}},"89":{"start":{"line":269,"column":4},"end":{"line":275,"column":null}},"90":{"start":{"line":270,"column":6},"end":{"line":274,"column":null}},"91":{"start":{"line":276,"column":21},"end":{"line":276,"column":null}},"92":{"start":{"line":278,"column":4},"end":{"line":284,"column":null}},"93":{"start":{"line":279,"column":6},"end":{"line":283,"column":null}},"94":{"start":{"line":288,"column":6},"end":{"line":288,"column":null}},"95":{"start":{"line":290,"column":18},"end":{"line":290,"column":null}},"96":{"start":{"line":291,"column":25},"end":{"line":291,"column":null}},"97":{"start":{"line":293,"column":4},"end":{"line":310,"column":null}},"98":{"start":{"line":294,"column":6},"end":{"line":309,"column":null}},"99":{"start":{"line":295,"column":26},"end":{"line":295,"column":null}},"100":{"start":{"line":296,"column":8},"end":{"line":298,"column":null}},"101":{"start":{"line":299,"column":8},"end":{"line":301,"column":null}},"102":{"start":{"line":302,"column":8},"end":{"line":302,"column":null}},"103":{"start":{"line":304,"column":8},"end":{"line":307,"column":null}},"104":{"start":{"line":308,"column":8},"end":{"line":308,"column":null}},"105":{"start":{"line":312,"column":4},"end":{"line":331,"column":null}},"106":{"start":{"line":314,"column":6},"end":{"line":314,"column":null}},"107":{"start":{"line":316,"column":24},"end":{"line":316,"column":null}},"108":{"start":{"line":317,"column":6},"end":{"line":323,"column":null}},"109":{"start":{"line":318,"column":8},"end":{"line":322,"column":null}},"110":{"start":{"line":325,"column":28},"end":{"line":325,"column":null}},"111":{"start":{"line":326,"column":6},"end":{"line":329,"column":null}},"112":{"start":{"line":330,"column":6},"end":{"line":330,"column":null}},"113":{"start":{"line":333,"column":4},"end":{"line":333,"column":null}},"114":{"start":{"line":334,"column":4},"end":{"line":334,"column":null}},"115":{"start":{"line":336,"column":4},"end":{"line":336,"column":null}},"116":{"start":{"line":337,"column":4},"end":{"line":341,"column":null}},"117":{"start":{"line":351,"column":20},"end":{"line":351,"column":null}},"118":{"start":{"line":352,"column":2},"end":{"line":450,"column":null}},"119":{"start":{"line":354,"column":4},"end":{"line":360,"column":null}},"120":{"start":{"line":355,"column":6},"end":{"line":359,"column":null}},"121":{"start":{"line":362,"column":23},"end":{"line":362,"column":null}},"122":{"start":{"line":372,"column":4},"end":{"line":378,"column":null}},"123":{"start":{"line":373,"column":6},"end":{"line":377,"column":null}},"124":{"start":{"line":381,"column":27},"end":{"line":383,"column":null}},"125":{"start":{"line":385,"column":6},"end":{"line":385,"column":null}},"126":{"start":{"line":388,"column":28},"end":{"line":388,"column":null}},"127":{"start":{"line":392,"column":4},"end":{"line":430,"column":null}},"128":{"start":{"line":393,"column":6},"end":{"line":395,"column":null}},"129":{"start":{"line":396,"column":6},"end":{"line":401,"column":null}},"130":{"start":{"line":402,"column":6},"end":{"line":402,"column":null}},"131":{"start":{"line":405,"column":6},"end":{"line":405,"column":null}},"132":{"start":{"line":407,"column":24},"end":{"line":407,"column":null}},"133":{"start":{"line":408,"column":6},"end":{"line":414,"column":null}},"134":{"start":{"line":409,"column":8},"end":{"line":413,"column":null}},"135":{"start":{"line":416,"column":43},"end":{"line":424,"column":null}},"136":{"start":{"line":425,"column":6},"end":{"line":428,"column":null}},"137":{"start":{"line":429,"column":6},"end":{"line":429,"column":null}},"138":{"start":{"line":432,"column":4},"end":{"line":432,"column":null}},"139":{"start":{"line":433,"column":4},"end":{"line":433,"column":null}},"140":{"start":{"line":434,"column":4},"end":{"line":434,"column":null}},"141":{"start":{"line":435,"column":4},"end":{"line":435,"column":null}},"142":{"start":{"line":436,"column":4},"end":{"line":436,"column":null}},"143":{"start":{"line":438,"column":4},"end":{"line":438,"column":null}},"144":{"start":{"line":440,"column":6},"end":{"line":440,"column":null}},"145":{"start":{"line":442,"column":6},"end":{"line":444,"column":null}},"146":{"start":{"line":445,"column":4},"end":{"line":449,"column":null}},"147":{"start":{"line":459,"column":20},"end":{"line":459,"column":null}},"148":{"start":{"line":460,"column":2},"end":{"line":543,"column":null}},"149":{"start":{"line":462,"column":4},"end":{"line":468,"column":null}},"150":{"start":{"line":463,"column":6},"end":{"line":467,"column":null}},"151":{"start":{"line":470,"column":23},"end":{"line":470,"column":null}},"152":{"start":{"line":476,"column":4},"end":{"line":482,"column":null}},"153":{"start":{"line":477,"column":6},"end":{"line":481,"column":null}},"154":{"start":{"line":484,"column":19},"end":{"line":484,"column":null}},"155":{"start":{"line":487,"column":27},"end":{"line":487,"column":null}},"156":{"start":{"line":489,"column":6},"end":{"line":489,"column":null}},"157":{"start":{"line":492,"column":30},"end":{"line":492,"column":null}},"158":{"start":{"line":496,"column":4},"end":{"line":532,"column":null}},"159":{"start":{"line":497,"column":6},"end":{"line":499,"column":null}},"160":{"start":{"line":500,"column":6},"end":{"line":509,"column":null}},"161":{"start":{"line":510,"column":6},"end":{"line":510,"column":null}},"162":{"start":{"line":513,"column":6},"end":{"line":515,"column":null}},"163":{"start":{"line":517,"column":24},"end":{"line":517,"column":null}},"164":{"start":{"line":518,"column":6},"end":{"line":524,"column":null}},"165":{"start":{"line":519,"column":8},"end":{"line":523,"column":null}},"166":{"start":{"line":526,"column":24},"end":{"line":526,"column":null}},"167":{"start":{"line":527,"column":6},"end":{"line":530,"column":null}},"168":{"start":{"line":531,"column":6},"end":{"line":531,"column":null}},"169":{"start":{"line":534,"column":4},"end":{"line":534,"column":null}},"170":{"start":{"line":535,"column":4},"end":{"line":535,"column":null}},"171":{"start":{"line":537,"column":4},"end":{"line":537,"column":null}},"172":{"start":{"line":538,"column":4},"end":{"line":542,"column":null}},"173":{"start":{"line":552,"column":20},"end":{"line":552,"column":null}},"174":{"start":{"line":553,"column":2},"end":{"line":641,"column":null}},"175":{"start":{"line":555,"column":4},"end":{"line":566,"column":null}},"176":{"start":{"line":561,"column":6},"end":{"line":565,"column":null}},"177":{"start":{"line":568,"column":23},"end":{"line":568,"column":null}},"178":{"start":{"line":574,"column":4},"end":{"line":580,"column":null}},"179":{"start":{"line":575,"column":6},"end":{"line":579,"column":null}},"180":{"start":{"line":582,"column":4},"end":{"line":588,"column":null}},"181":{"start":{"line":583,"column":6},"end":{"line":587,"column":null}},"182":{"start":{"line":591,"column":27},"end":{"line":591,"column":null}},"183":{"start":{"line":592,"column":4},"end":{"line":598,"column":null}},"184":{"start":{"line":593,"column":6},"end":{"line":597,"column":null}},"185":{"start":{"line":599,"column":21},"end":{"line":599,"column":null}},"186":{"start":{"line":601,"column":4},"end":{"line":607,"column":null}},"187":{"start":{"line":602,"column":6},"end":{"line":606,"column":null}},"188":{"start":{"line":610,"column":25},"end":{"line":613,"column":null}},"189":{"start":{"line":615,"column":4},"end":{"line":621,"column":null}},"190":{"start":{"line":616,"column":6},"end":{"line":620,"column":null}},"191":{"start":{"line":623,"column":4},"end":{"line":625,"column":null}},"192":{"start":{"line":626,"column":19},"end":{"line":630,"column":null}},"193":{"start":{"line":632,"column":4},"end":{"line":632,"column":null}},"194":{"start":{"line":633,"column":4},"end":{"line":633,"column":null}},"195":{"start":{"line":635,"column":4},"end":{"line":635,"column":null}},"196":{"start":{"line":636,"column":4},"end":{"line":640,"column":null}},"197":{"start":{"line":650,"column":20},"end":{"line":650,"column":null}},"198":{"start":{"line":651,"column":2},"end":{"line":677,"column":null}},"199":{"start":{"line":652,"column":4},"end":{"line":663,"column":null}},"200":{"start":{"line":658,"column":6},"end":{"line":662,"column":null}},"201":{"start":{"line":664,"column":31},"end":{"line":664,"column":null}},"202":{"start":{"line":665,"column":22},"end":{"line":665,"column":null}},"203":{"start":{"line":666,"column":4},"end":{"line":670,"column":null}},"204":{"start":{"line":672,"column":4},"end":{"line":676,"column":null}},"205":{"start":{"line":688,"column":20},"end":{"line":688,"column":null}},"206":{"start":{"line":689,"column":2},"end":{"line":723,"column":null}},"207":{"start":{"line":690,"column":4},"end":{"line":701,"column":null}},"208":{"start":{"line":696,"column":6},"end":{"line":700,"column":null}},"209":{"start":{"line":702,"column":32},"end":{"line":702,"column":null}},"210":{"start":{"line":706,"column":32},"end":{"line":706,"column":null}},"211":{"start":{"line":707,"column":34},"end":{"line":707,"column":null}},"212":{"start":{"line":708,"column":4},"end":{"line":711,"column":null}},"213":{"start":{"line":709,"column":17},"end":{"line":709,"column":null}},"214":{"start":{"line":710,"column":6},"end":{"line":710,"column":null}},"215":{"start":{"line":712,"column":4},"end":{"line":716,"column":null}},"216":{"start":{"line":718,"column":4},"end":{"line":722,"column":null}},"217":{"start":{"line":732,"column":20},"end":{"line":732,"column":null}},"218":{"start":{"line":733,"column":2},"end":{"line":786,"column":null}},"219":{"start":{"line":735,"column":4},"end":{"line":741,"column":null}},"220":{"start":{"line":736,"column":6},"end":{"line":740,"column":null}},"221":{"start":{"line":743,"column":23},"end":{"line":743,"column":null}},"222":{"start":{"line":748,"column":4},"end":{"line":754,"column":null}},"223":{"start":{"line":749,"column":6},"end":{"line":753,"column":null}},"224":{"start":{"line":757,"column":22},"end":{"line":757,"column":null}},"225":{"start":{"line":759,"column":4},"end":{"line":765,"column":null}},"226":{"start":{"line":760,"column":6},"end":{"line":764,"column":null}},"227":{"start":{"line":767,"column":4},"end":{"line":767,"column":null}},"228":{"start":{"line":768,"column":19},"end":{"line":771,"column":null}},"229":{"start":{"line":773,"column":4},"end":{"line":773,"column":null}},"230":{"start":{"line":774,"column":4},"end":{"line":778,"column":null}},"231":{"start":{"line":780,"column":4},"end":{"line":780,"column":null}},"232":{"start":{"line":781,"column":4},"end":{"line":785,"column":null}}},"fnMap":{"0":{"name":"handleSummarize","decl":{"start":{"line":30,"column":22},"end":{"line":30,"column":null}},"loc":{"start":{"line":32,"column":33},"end":{"line":164,"column":null}},"line":32},"1":{"name":"(anonymous_1)","decl":{"start":{"line":120,"column":8},"end":{"line":120,"column":null}},"loc":{"start":{"line":121,"column":10},"end":{"line":124,"column":null}},"line":121},"2":{"name":"(anonymous_2)","decl":{"start":{"line":134,"column":8},"end":{"line":134,"column":14}},"loc":{"start":{"line":134,"column":14},"end":{"line":134,"column":null}},"line":134},"3":{"name":"handleReflect","decl":{"start":{"line":169,"column":22},"end":{"line":169,"column":null}},"loc":{"start":{"line":171,"column":33},"end":{"line":228,"column":null}},"line":171},"4":{"name":"handleProofread","decl":{"start":{"line":233,"column":22},"end":{"line":233,"column":null}},"loc":{"start":{"line":235,"column":40},"end":{"line":343,"column":null}},"line":235},"5":{"name":"handleWrite","decl":{"start":{"line":348,"column":22},"end":{"line":348,"column":null}},"loc":{"start":{"line":350,"column":31},"end":{"line":451,"column":null}},"line":350},"6":{"name":"handleRewrite","decl":{"start":{"line":456,"column":22},"end":{"line":456,"column":null}},"loc":{"start":{"line":458,"column":64},"end":{"line":544,"column":null}},"line":458},"7":{"name":"handleTranslate","decl":{"start":{"line":549,"column":22},"end":{"line":549,"column":null}},"loc":{"start":{"line":551,"column":31},"end":{"line":642,"column":null}},"line":551},"8":{"name":"handleCanTranslate","decl":{"start":{"line":647,"column":22},"end":{"line":647,"column":null}},"loc":{"start":{"line":649,"column":32},"end":{"line":678,"column":null}},"line":649},"9":{"name":"handleCheckTranslationAvailability","decl":{"start":{"line":683,"column":22},"end":{"line":683,"column":null}},"loc":{"start":{"line":687,"column":2},"end":{"line":724,"column":null}},"line":687},"10":{"name":"handleDetectLanguage","decl":{"start":{"line":729,"column":22},"end":{"line":729,"column":null}},"loc":{"start":{"line":731,"column":42},"end":{"line":787,"column":null}},"line":731}},"branchMap":{"0":{"loc":{"start":{"line":42,"column":4},"end":{"line":67,"column":null}},"type":"if","locations":[{"start":{"line":42,"column":4},"end":{"line":67,"column":null}},{"start":{"line":44,"column":4},"end":{"line":67,"column":null}}],"line":42},"1":{"loc":{"start":{"line":44,"column":4},"end":{"line":67,"column":null}},"type":"if","locations":[{"start":{"line":44,"column":4},"end":{"line":67,"column":null}},{"start":{"line":60,"column":11},"end":{"line":67,"column":null}}],"line":44},"2":{"loc":{"start":{"line":44,"column":15},"end":{"line":44,"column":79}},"type":"binary-expr","locations":[{"start":{"line":44,"column":15},"end":{"line":44,"column":26}},{"start":{"line":44,"column":26},"end":{"line":44,"column":57}},{"start":{"line":44,"column":57},"end":{"line":44,"column":79}}],"line":44},"3":{"loc":{"start":{"line":53,"column":15},"end":{"line":53,"column":null}},"type":"binary-expr","locations":[{"start":{"line":53,"column":15},"end":{"line":53,"column":36}},{"start":{"line":53,"column":36},"end":{"line":53,"column":null}}],"line":53},"4":{"loc":{"start":{"line":55,"column":6},"end":{"line":59,"column":null}},"type":"if","locations":[{"start":{"line":55,"column":6},"end":{"line":59,"column":null}},{"start":{"line":57,"column":6},"end":{"line":59,"column":null}}],"line":55},"5":{"loc":{"start":{"line":57,"column":6},"end":{"line":59,"column":null}},"type":"if","locations":[{"start":{"line":57,"column":6},"end":{"line":59,"column":null}},{"start":{},"end":{}}],"line":57},"6":{"loc":{"start":{"line":69,"column":4},"end":{"line":75,"column":null}},"type":"if","locations":[{"start":{"line":69,"column":4},"end":{"line":75,"column":null}},{"start":{},"end":{}}],"line":69},"7":{"loc":{"start":{"line":79,"column":4},"end":{"line":85,"column":null}},"type":"if","locations":[{"start":{"line":79,"column":4},"end":{"line":85,"column":null}},{"start":{},"end":{}}],"line":79},"8":{"loc":{"start":{"line":94,"column":6},"end":{"line":94,"column":null}},"type":"binary-expr","locations":[{"start":{"line":94,"column":6},"end":{"line":94,"column":33}},{"start":{"line":94,"column":33},"end":{"line":94,"column":63}},{"start":{"line":94,"column":63},"end":{"line":94,"column":null}}],"line":94},"9":{"loc":{"start":{"line":99,"column":41},"end":{"line":99,"column":88}},"type":"binary-expr","locations":[{"start":{"line":99,"column":41},"end":{"line":99,"column":82}},{"start":{"line":99,"column":82},"end":{"line":99,"column":88}}],"line":99},"10":{"loc":{"start":{"line":99,"column":110},"end":{"line":99,"column":141}},"type":"binary-expr","locations":[{"start":{"line":99,"column":110},"end":{"line":99,"column":128}},{"start":{"line":99,"column":128},"end":{"line":99,"column":141}}],"line":99},"11":{"loc":{"start":{"line":99,"column":165},"end":{"line":99,"column":199}},"type":"binary-expr","locations":[{"start":{"line":99,"column":165},"end":{"line":99,"column":185}},{"start":{"line":99,"column":185},"end":{"line":99,"column":199}}],"line":99},"12":{"loc":{"start":{"line":110,"column":6},"end":{"line":110,"column":null}},"type":"binary-expr","locations":[{"start":{"line":110,"column":6},"end":{"line":110,"column":38}},{"start":{"line":110,"column":38},"end":{"line":110,"column":null}}],"line":110},"13":{"loc":{"start":{"line":114,"column":4},"end":{"line":138,"column":null}},"type":"if","locations":[{"start":{"line":114,"column":4},"end":{"line":138,"column":null}},{"start":{"line":128,"column":11},"end":{"line":138,"column":null}}],"line":114},"14":{"loc":{"start":{"line":116,"column":78},"end":{"line":116,"column":102}},"type":"binary-expr","locations":[{"start":{"line":116,"column":78},"end":{"line":116,"column":96}},{"start":{"line":116,"column":96},"end":{"line":116,"column":102}}],"line":116},"15":{"loc":{"start":{"line":142,"column":4},"end":{"line":145,"column":null}},"type":"if","locations":[{"start":{"line":142,"column":4},"end":{"line":145,"column":null}},{"start":{},"end":{}}],"line":142},"16":{"loc":{"start":{"line":142,"column":8},"end":{"line":142,"column":42}},"type":"binary-expr","locations":[{"start":{"line":142,"column":8},"end":{"line":142,"column":20}},{"start":{"line":142,"column":20},"end":{"line":142,"column":42}}],"line":142},"17":{"loc":{"start":{"line":178,"column":4},"end":{"line":190,"column":null}},"type":"if","locations":[{"start":{"line":178,"column":4},"end":{"line":190,"column":null}},{"start":{"line":180,"column":4},"end":{"line":190,"column":null}}],"line":178},"18":{"loc":{"start":{"line":180,"column":4},"end":{"line":190,"column":null}},"type":"if","locations":[{"start":{"line":180,"column":4},"end":{"line":190,"column":null}},{"start":{"line":183,"column":11},"end":{"line":190,"column":null}}],"line":180},"19":{"loc":{"start":{"line":180,"column":15},"end":{"line":180,"column":79}},"type":"binary-expr","locations":[{"start":{"line":180,"column":15},"end":{"line":180,"column":26}},{"start":{"line":180,"column":26},"end":{"line":180,"column":57}},{"start":{"line":180,"column":57},"end":{"line":180,"column":79}}],"line":180},"20":{"loc":{"start":{"line":192,"column":4},"end":{"line":198,"column":null}},"type":"if","locations":[{"start":{"line":192,"column":4},"end":{"line":198,"column":null}},{"start":{},"end":{}}],"line":192},"21":{"loc":{"start":{"line":192,"column":8},"end":{"line":192,"column":42}},"type":"binary-expr","locations":[{"start":{"line":192,"column":8},"end":{"line":192,"column":20}},{"start":{"line":192,"column":20},"end":{"line":192,"column":42}}],"line":192},"22":{"loc":{"start":{"line":202,"column":4},"end":{"line":209,"column":null}},"type":"if","locations":[{"start":{"line":202,"column":4},"end":{"line":209,"column":null}},{"start":{},"end":{}}],"line":202},"23":{"loc":{"start":{"line":216,"column":4},"end":{"line":219,"column":null}},"type":"if","locations":[{"start":{"line":216,"column":4},"end":{"line":219,"column":null}},{"start":{},"end":{}}],"line":216},"24":{"loc":{"start":{"line":216,"column":8},"end":{"line":216,"column":42}},"type":"binary-expr","locations":[{"start":{"line":216,"column":8},"end":{"line":216,"column":20}},{"start":{"line":216,"column":20},"end":{"line":216,"column":42}}],"line":216},"25":{"loc":{"start":{"line":242,"column":4},"end":{"line":257,"column":null}},"type":"if","locations":[{"start":{"line":242,"column":4},"end":{"line":257,"column":null}},{"start":{"line":244,"column":4},"end":{"line":257,"column":null}}],"line":242},"26":{"loc":{"start":{"line":244,"column":4},"end":{"line":257,"column":null}},"type":"if","locations":[{"start":{"line":244,"column":4},"end":{"line":257,"column":null}},{"start":{"line":251,"column":11},"end":{"line":257,"column":null}}],"line":244},"27":{"loc":{"start":{"line":244,"column":15},"end":{"line":244,"column":76}},"type":"binary-expr","locations":[{"start":{"line":244,"column":15},"end":{"line":244,"column":26}},{"start":{"line":244,"column":26},"end":{"line":244,"column":57}},{"start":{"line":244,"column":57},"end":{"line":244,"column":76}}],"line":244},"28":{"loc":{"start":{"line":259,"column":4},"end":{"line":265,"column":null}},"type":"if","locations":[{"start":{"line":259,"column":4},"end":{"line":265,"column":null}},{"start":{},"end":{}}],"line":259},"29":{"loc":{"start":{"line":269,"column":4},"end":{"line":275,"column":null}},"type":"if","locations":[{"start":{"line":269,"column":4},"end":{"line":275,"column":null}},{"start":{},"end":{}}],"line":269},"30":{"loc":{"start":{"line":278,"column":4},"end":{"line":284,"column":null}},"type":"if","locations":[{"start":{"line":278,"column":4},"end":{"line":284,"column":null}},{"start":{},"end":{}}],"line":278},"31":{"loc":{"start":{"line":278,"column":8},"end":{"line":278,"column":68}},"type":"binary-expr","locations":[{"start":{"line":278,"column":8},"end":{"line":278,"column":38}},{"start":{"line":278,"column":38},"end":{"line":278,"column":68}}],"line":278},"32":{"loc":{"start":{"line":293,"column":4},"end":{"line":310,"column":null}},"type":"if","locations":[{"start":{"line":293,"column":4},"end":{"line":310,"column":null}},{"start":{},"end":{}}],"line":293},"33":{"loc":{"start":{"line":295,"column":26},"end":{"line":295,"column":null}},"type":"cond-expr","locations":[{"start":{"line":295,"column":45},"end":{"line":295,"column":66}},{"start":{"line":295,"column":66},"end":{"line":295,"column":null}}],"line":295},"34":{"loc":{"start":{"line":312,"column":4},"end":{"line":331,"column":null}},"type":"if","locations":[{"start":{"line":312,"column":4},"end":{"line":331,"column":null}},{"start":{},"end":{}}],"line":312},"35":{"loc":{"start":{"line":312,"column":8},"end":{"line":312,"column":36}},"type":"binary-expr","locations":[{"start":{"line":312,"column":8},"end":{"line":312,"column":27}},{"start":{"line":312,"column":27},"end":{"line":312,"column":36}}],"line":312},"36":{"loc":{"start":{"line":317,"column":6},"end":{"line":323,"column":null}},"type":"if","locations":[{"start":{"line":317,"column":6},"end":{"line":323,"column":null}},{"start":{},"end":{}}],"line":317},"37":{"loc":{"start":{"line":354,"column":4},"end":{"line":360,"column":null}},"type":"if","locations":[{"start":{"line":354,"column":4},"end":{"line":360,"column":null}},{"start":{},"end":{}}],"line":354},"38":{"loc":{"start":{"line":354,"column":8},"end":{"line":354,"column":75}},"type":"binary-expr","locations":[{"start":{"line":354,"column":8},"end":{"line":354,"column":20}},{"start":{"line":354,"column":20},"end":{"line":354,"column":51}},{"start":{"line":354,"column":51},"end":{"line":354,"column":75}}],"line":354},"39":{"loc":{"start":{"line":372,"column":4},"end":{"line":378,"column":null}},"type":"if","locations":[{"start":{"line":372,"column":4},"end":{"line":378,"column":null}},{"start":{},"end":{}}],"line":372},"40":{"loc":{"start":{"line":392,"column":4},"end":{"line":430,"column":null}},"type":"if","locations":[{"start":{"line":392,"column":4},"end":{"line":430,"column":null}},{"start":{"line":403,"column":11},"end":{"line":430,"column":null}}],"line":392},"41":{"loc":{"start":{"line":394,"column":47},"end":{"line":394,"column":71}},"type":"binary-expr","locations":[{"start":{"line":394,"column":47},"end":{"line":394,"column":65}},{"start":{"line":394,"column":65},"end":{"line":394,"column":71}}],"line":394},"42":{"loc":{"start":{"line":408,"column":6},"end":{"line":414,"column":null}},"type":"if","locations":[{"start":{"line":408,"column":6},"end":{"line":414,"column":null}},{"start":{},"end":{}}],"line":408},"43":{"loc":{"start":{"line":418,"column":10},"end":{"line":422,"column":null}},"type":"cond-expr","locations":[{"start":{"line":419,"column":14},"end":{"line":419,"column":null}},{"start":{"line":420,"column":14},"end":{"line":422,"column":null}}],"line":418},"44":{"loc":{"start":{"line":420,"column":14},"end":{"line":422,"column":null}},"type":"cond-expr","locations":[{"start":{"line":421,"column":16},"end":{"line":421,"column":null}},{"start":{"line":422,"column":16},"end":{"line":422,"column":null}}],"line":420},"45":{"loc":{"start":{"line":423,"column":16},"end":{"line":423,"column":null}},"type":"binary-expr","locations":[{"start":{"line":423,"column":16},"end":{"line":423,"column":46}},{"start":{"line":423,"column":46},"end":{"line":423,"column":null}}],"line":423},"46":{"loc":{"start":{"line":440,"column":6},"end":{"line":440,"column":null}},"type":"cond-expr","locations":[{"start":{"line":440,"column":31},"end":{"line":440,"column":47}},{"start":{"line":440,"column":47},"end":{"line":440,"column":null}}],"line":440},"47":{"loc":{"start":{"line":442,"column":6},"end":{"line":444,"column":null}},"type":"cond-expr","locations":[{"start":{"line":443,"column":10},"end":{"line":443,"column":null}},{"start":{"line":444,"column":10},"end":{"line":444,"column":null}}],"line":442},"48":{"loc":{"start":{"line":462,"column":4},"end":{"line":468,"column":null}},"type":"if","locations":[{"start":{"line":462,"column":4},"end":{"line":468,"column":null}},{"start":{},"end":{}}],"line":462},"49":{"loc":{"start":{"line":462,"column":8},"end":{"line":462,"column":73}},"type":"binary-expr","locations":[{"start":{"line":462,"column":8},"end":{"line":462,"column":20}},{"start":{"line":462,"column":20},"end":{"line":462,"column":51}},{"start":{"line":462,"column":51},"end":{"line":462,"column":73}}],"line":462},"50":{"loc":{"start":{"line":476,"column":4},"end":{"line":482,"column":null}},"type":"if","locations":[{"start":{"line":476,"column":4},"end":{"line":482,"column":null}},{"start":{},"end":{}}],"line":476},"51":{"loc":{"start":{"line":484,"column":19},"end":{"line":484,"column":null}},"type":"binary-expr","locations":[{"start":{"line":484,"column":19},"end":{"line":484,"column":40}},{"start":{"line":484,"column":40},"end":{"line":484,"column":null}}],"line":484},"52":{"loc":{"start":{"line":496,"column":4},"end":{"line":532,"column":null}},"type":"if","locations":[{"start":{"line":496,"column":4},"end":{"line":532,"column":null}},{"start":{"line":511,"column":11},"end":{"line":532,"column":null}}],"line":496},"53":{"loc":{"start":{"line":498,"column":74},"end":{"line":498,"column":98}},"type":"binary-expr","locations":[{"start":{"line":498,"column":74},"end":{"line":498,"column":92}},{"start":{"line":498,"column":92},"end":{"line":498,"column":98}}],"line":498},"54":{"loc":{"start":{"line":518,"column":6},"end":{"line":524,"column":null}},"type":"if","locations":[{"start":{"line":518,"column":6},"end":{"line":524,"column":null}},{"start":{},"end":{}}],"line":518},"55":{"loc":{"start":{"line":555,"column":4},"end":{"line":566,"column":null}},"type":"if","locations":[{"start":{"line":555,"column":4},"end":{"line":566,"column":null}},{"start":{},"end":{}}],"line":555},"56":{"loc":{"start":{"line":556,"column":6},"end":{"line":559,"column":null}},"type":"binary-expr","locations":[{"start":{"line":556,"column":6},"end":{"line":556,"column":null}},{"start":{"line":557,"column":6},"end":{"line":557,"column":null}},{"start":{"line":558,"column":6},"end":{"line":558,"column":null}},{"start":{"line":559,"column":6},"end":{"line":559,"column":null}}],"line":556},"57":{"loc":{"start":{"line":574,"column":4},"end":{"line":580,"column":null}},"type":"if","locations":[{"start":{"line":574,"column":4},"end":{"line":580,"column":null}},{"start":{},"end":{}}],"line":574},"58":{"loc":{"start":{"line":582,"column":4},"end":{"line":588,"column":null}},"type":"if","locations":[{"start":{"line":582,"column":4},"end":{"line":588,"column":null}},{"start":{},"end":{}}],"line":582},"59":{"loc":{"start":{"line":592,"column":4},"end":{"line":598,"column":null}},"type":"if","locations":[{"start":{"line":592,"column":4},"end":{"line":598,"column":null}},{"start":{},"end":{}}],"line":592},"60":{"loc":{"start":{"line":601,"column":4},"end":{"line":607,"column":null}},"type":"if","locations":[{"start":{"line":601,"column":4},"end":{"line":607,"column":null}},{"start":{},"end":{}}],"line":601},"61":{"loc":{"start":{"line":601,"column":8},"end":{"line":601,"column":69}},"type":"binary-expr","locations":[{"start":{"line":601,"column":8},"end":{"line":601,"column":40}},{"start":{"line":601,"column":40},"end":{"line":601,"column":69}}],"line":601},"62":{"loc":{"start":{"line":615,"column":4},"end":{"line":621,"column":null}},"type":"if","locations":[{"start":{"line":615,"column":4},"end":{"line":621,"column":null}},{"start":{},"end":{}}],"line":615},"63":{"loc":{"start":{"line":652,"column":4},"end":{"line":663,"column":null}},"type":"if","locations":[{"start":{"line":652,"column":4},"end":{"line":663,"column":null}},{"start":{},"end":{}}],"line":652},"64":{"loc":{"start":{"line":653,"column":6},"end":{"line":656,"column":null}},"type":"binary-expr","locations":[{"start":{"line":653,"column":6},"end":{"line":653,"column":null}},{"start":{"line":654,"column":6},"end":{"line":654,"column":null}},{"start":{"line":655,"column":6},"end":{"line":655,"column":null}},{"start":{"line":656,"column":6},"end":{"line":656,"column":null}}],"line":653},"65":{"loc":{"start":{"line":690,"column":4},"end":{"line":701,"column":null}},"type":"if","locations":[{"start":{"line":690,"column":4},"end":{"line":701,"column":null}},{"start":{},"end":{}}],"line":690},"66":{"loc":{"start":{"line":691,"column":6},"end":{"line":694,"column":null}},"type":"binary-expr","locations":[{"start":{"line":691,"column":6},"end":{"line":691,"column":null}},{"start":{"line":692,"column":6},"end":{"line":692,"column":null}},{"start":{"line":693,"column":6},"end":{"line":693,"column":null}},{"start":{"line":694,"column":6},"end":{"line":694,"column":null}}],"line":691},"67":{"loc":{"start":{"line":710,"column":7},"end":{"line":710,"column":37}},"type":"cond-expr","locations":[{"start":{"line":710,"column":12},"end":{"line":710,"column":24}},{"start":{"line":710,"column":24},"end":{"line":710,"column":37}}],"line":710},"68":{"loc":{"start":{"line":735,"column":4},"end":{"line":741,"column":null}},"type":"if","locations":[{"start":{"line":735,"column":4},"end":{"line":741,"column":null}},{"start":{},"end":{}}],"line":735},"69":{"loc":{"start":{"line":735,"column":8},"end":{"line":735,"column":73}},"type":"binary-expr","locations":[{"start":{"line":735,"column":8},"end":{"line":735,"column":20}},{"start":{"line":735,"column":20},"end":{"line":735,"column":51}},{"start":{"line":735,"column":51},"end":{"line":735,"column":73}}],"line":735},"70":{"loc":{"start":{"line":748,"column":4},"end":{"line":754,"column":null}},"type":"if","locations":[{"start":{"line":748,"column":4},"end":{"line":754,"column":null}},{"start":{},"end":{}}],"line":748},"71":{"loc":{"start":{"line":759,"column":4},"end":{"line":765,"column":null}},"type":"if","locations":[{"start":{"line":759,"column":4},"end":{"line":765,"column":null}},{"start":{},"end":{}}],"line":759}},"s":{"0":8,"1":8,"2":8,"3":8,"4":0,"5":8,"6":8,"7":8,"8":8,"9":8,"10":8,"11":0,"12":8,"13":0,"14":0,"15":0,"16":8,"17":0,"18":8,"19":8,"20":0,"21":8,"22":8,"23":8,"24":8,"25":8,"26":8,"27":8,"28":8,"29":8,"30":0,"31":0,"32":0,"33":0,"34":8,"35":8,"36":8,"37":7,"38":7,"39":7,"40":0,"41":0,"42":7,"43":7,"44":7,"45":7,"46":1,"47":1,"48":1,"49":1,"50":1,"51":0,"52":0,"53":0,"54":0,"55":0,"56":0,"57":0,"58":0,"59":0,"60":0,"61":0,"62":0,"63":0,"64":0,"65":0,"66":0,"67":0,"68":0,"69":0,"70":0,"71":0,"72":0,"73":0,"74":0,"75":0,"76":0,"77":4,"78":4,"79":4,"80":0,"81":4,"82":4,"83":4,"84":4,"85":0,"86":4,"87":0,"88":4,"89":4,"90":0,"91":4,"92":4,"93":0,"94":4,"95":4,"96":4,"97":4,"98":4,"99":4,"100":4,"101":4,"102":4,"103":0,"104":0,"105":4,"106":0,"107":0,"108":0,"109":0,"110":0,"111":0,"112":0,"113":4,"114":4,"115":0,"116":0,"117":3,"118":3,"119":3,"120":0,"121":3,"122":3,"123":0,"124":3,"125":3,"126":3,"127":3,"128":2,"129":2,"130":2,"131":1,"132":1,"133":1,"134":0,"135":1,"136":1,"137":0,"138":2,"139":2,"140":2,"141":2,"142":3,"143":1,"144":1,"145":1,"146":1,"147":6,"148":6,"149":6,"150":0,"151":6,"152":6,"153":0,"154":6,"155":6,"156":6,"157":6,"158":6,"159":6,"160":6,"161":6,"162":0,"163":0,"164":0,"165":0,"166":0,"167":0,"168":0,"169":6,"170":6,"171":0,"172":0,"173":2,"174":2,"175":2,"176":0,"177":2,"178":2,"179":0,"180":2,"181":0,"182":2,"183":2,"184":0,"185":2,"186":2,"187":0,"188":2,"189":2,"190":1,"191":1,"192":1,"193":1,"194":1,"195":0,"196":0,"197":1,"198":1,"199":1,"200":0,"201":1,"202":1,"203":1,"204":0,"205":1,"206":1,"207":1,"208":0,"209":1,"210":1,"211":1,"212":1,"213":4,"214":4,"215":1,"216":0,"217":0,"218":0,"219":0,"220":0,"221":0,"222":0,"223":0,"224":0,"225":0,"226":0,"227":0,"228":0,"229":0,"230":0,"231":0,"232":0},"f":{"0":8,"1":0,"2":8,"3":0,"4":4,"5":3,"6":6,"7":2,"8":1,"9":1,"10":0},"b":{"0":[0,8],"1":[8,0],"2":[8,8,8],"3":[8,5],"4":[0,8],"5":[0,8],"6":[0,8],"7":[0,8],"8":[8,8,0],"9":[8,0],"10":[8,0],"11":[8,8],"12":[8,0],"13":[0,8],"14":[0,0],"15":[0,7],"16":[7,7],"17":[0,0],"18":[0,0],"19":[0,0,0],"20":[0,0],"21":[0,0],"22":[0,0],"23":[0,0],"24":[0,0],"25":[0,4],"26":[4,0],"27":[4,4,4],"28":[0,4],"29":[0,4],"30":[0,4],"31":[4,0],"32":[4,0],"33":[0,4],"34":[0,4],"35":[4,4],"36":[0,0],"37":[0,3],"38":[3,3,3],"39":[0,3],"40":[2,1],"41":[2,0],"42":[0,1],"43":[0,1],"44":[0,1],"45":[1,1],"46":[1,0],"47":[1,0],"48":[0,6],"49":[6,6,6],"50":[0,6],"51":[6,0],"52":[6,0],"53":[6,0],"54":[0,0],"55":[0,2],"56":[2,2,2,2],"57":[0,2],"58":[0,2],"59":[0,2],"60":[0,2],"61":[2,0],"62":[1,1],"63":[0,1],"64":[1,1,1,1],"65":[0,1],"66":[1,1,1,1],"67":[2,2],"68":[0,0],"69":[0,0,0],"70":[0,0],"71":[0,0]},"meta":{"lastBranch":72,"lastFunction":11,"lastStatement":233,"seen":{"f:30:22:30:Infinity":0,"s:33:20:33:Infinity":0,"s:35:2:163:Infinity":1,"s:38:32:38:Infinity":2,"b:42:4:67:Infinity:44:4:67:Infinity":0,"s:42:4:67:Infinity":3,"s:43:6:43:Infinity":4,"b:44:4:67:Infinity:60:11:67:Infinity":1,"s:44:4:67:Infinity":5,"b:44:15:44:26:44:26:44:57:44:57:44:79":2,"s:45:25:45:Infinity":6,"s:52:6:52:Infinity":7,"s:53:6:53:Infinity":8,"b:53:15:53:36:53:36:53:Infinity":3,"s:54:6:54:Infinity":9,"b:55:6:59:Infinity:57:6:59:Infinity":4,"s:55:6:59:Infinity":10,"s:56:8:56:Infinity":11,"b:57:6:59:Infinity:undefined:undefined:undefined:undefined":5,"s:57:6:59:Infinity":12,"s:58:8:58:Infinity":13,"s:61:6:61:Infinity":14,"s:62:6:66:Infinity":15,"b:69:4:75:Infinity:undefined:undefined:undefined:undefined":6,"s:69:4:75:Infinity":16,"s:70:6:74:Infinity":17,"s:78:27:78:Infinity":18,"b:79:4:85:Infinity:undefined:undefined:undefined:undefined":7,"s:79:4:85:Infinity":19,"s:80:6:84:Infinity":20,"s:86:21:86:Infinity":21,"s:88:4:90:Infinity":22,"s:94:6:94:Infinity":23,"b:94:6:94:33:94:33:94:63:94:63:94:Infinity":8,"s:96:6:96:Infinity":24,"s:98:4:100:Infinity":25,"b:99:41:99:82:99:82:99:88":9,"b:99:110:99:128:99:128:99:141":10,"b:99:165:99:185:99:185:99:199":11,"s:104:6:104:Infinity":26,"s:105:4:107:Infinity":27,"s:110:6:110:Infinity":28,"b:110:6:110:38:110:38:110:Infinity":12,"b:114:4:138:Infinity:128:11:138:Infinity":13,"s:114:4:138:Infinity":29,"s:115:6:117:Infinity":30,"b:116:78:116:96:116:96:116:102":14,"s:119:6:126:Infinity":31,"f:120:8:120:Infinity":1,"s:121:10:124:Infinity":32,"s:127:6:127:Infinity":33,"s:129:6:131:Infinity":34,"s:133:6:136:Infinity":35,"f:134:8:134:14":2,"s:134:14:134:Infinity":36,"s:137:6:137:Infinity":37,"s:140:21:140:Infinity":38,"b:142:4:145:Infinity:undefined:undefined:undefined:undefined":15,"s:142:4:145:Infinity":39,"b:142:8:142:20:142:20:142:42":16,"s:143:6:143:Infinity":40,"s:144:6:144:Infinity":41,"s:147:4:147:Infinity":42,"s:148:4:152:Infinity":43,"s:149:6:149:Infinity":44,"s:153:4:153:Infinity":45,"s:155:21:155:Infinity":46,"s:156:4:156:Infinity":47,"s:157:4:161:Infinity":48,"s:158:6:158:Infinity":49,"s:162:4:162:Infinity":50,"f:169:22:169:Infinity":3,"s:172:20:172:Infinity":51,"s:174:2:227:Infinity":52,"b:178:4:190:Infinity:180:4:190:Infinity":17,"s:178:4:190:Infinity":53,"s:179:6:179:Infinity":54,"b:180:4:190:Infinity:183:11:190:Infinity":18,"s:180:4:190:Infinity":55,"b:180:15:180:26:180:26:180:57:180:57:180:79":19,"s:181:25:181:Infinity":56,"s:182:6:182:Infinity":57,"s:184:6:184:Infinity":58,"s:185:6:189:Infinity":59,"b:192:4:198:Infinity:undefined:undefined:undefined:undefined":20,"s:192:4:198:Infinity":60,"b:192:8:192:20:192:20:192:42":21,"s:193:6:197:Infinity":61,"s:201:22:201:Infinity":62,"b:202:4:209:Infinity:undefined:undefined:undefined:undefined":22,"s:202:4:209:Infinity":63,"s:203:6:203:Infinity":64,"s:204:6:208:Infinity":65,"s:212:4:212:Infinity":66,"s:213:20:213:Infinity":67,"s:214:21:214:Infinity":68,"b:216:4:219:Infinity:undefined:undefined:undefined:undefined":23,"s:216:4:219:Infinity":69,"b:216:8:216:20:216:20:216:42":24,"s:217:6:217:Infinity":70,"s:218:6:218:Infinity":71,"s:221:4:221:Infinity":72,"s:222:4:222:Infinity":73,"s:224:21:224:Infinity":74,"s:225:4:225:Infinity":75,"s:226:4:226:Infinity":76,"f:233:22:233:Infinity":4,"s:236:20:236:Infinity":77,"s:237:2:342:Infinity":78,"b:242:4:257:Infinity:244:4:257:Infinity":25,"s:242:4:257:Infinity":79,"s:243:6:243:Infinity":80,"b:244:4:257:Infinity:251:11:257:Infinity":26,"s:244:4:257:Infinity":81,"b:244:15:244:26:244:26:244:57:244:57:244:76":27,"s:245:25:245:Infinity":82,"s:249:6:249:Infinity":83,"s:250:6:250:Infinity":84,"s:252:6:256:Infinity":85,"b:259:4:265:Infinity:undefined:undefined:undefined:undefined":28,"s:259:4:265:Infinity":86,"s:260:6:264:Infinity":87,"s:268:27:268:Infinity":88,"b:269:4:275:Infinity:undefined:undefined:undefined:undefined":29,"s:269:4:275:Infinity":89,"s:270:6:274:Infinity":90,"s:276:21:276:Infinity":91,"b:278:4:284:Infinity:undefined:undefined:undefined:undefined":30,"s:278:4:284:Infinity":92,"b:278:8:278:38:278:38:278:68":31,"s:279:6:283:Infinity":93,"s:288:6:288:Infinity":94,"s:290:18:290:Infinity":95,"s:291:25:291:Infinity":96,"b:293:4:310:Infinity:undefined:undefined:undefined:undefined":32,"s:293:4:310:Infinity":97,"s:294:6:309:Infinity":98,"s:295:26:295:Infinity":99,"b:295:45:295:66:295:66:295:Infinity":33,"s:296:8:298:Infinity":100,"s:299:8:301:Infinity":101,"s:302:8:302:Infinity":102,"s:304:8:307:Infinity":103,"s:308:8:308:Infinity":104,"b:312:4:331:Infinity:undefined:undefined:undefined:undefined":34,"s:312:4:331:Infinity":105,"b:312:8:312:27:312:27:312:36":35,"s:314:6:314:Infinity":106,"s:316:24:316:Infinity":107,"b:317:6:323:Infinity:undefined:undefined:undefined:undefined":36,"s:317:6:323:Infinity":108,"s:318:8:322:Infinity":109,"s:325:28:325:Infinity":110,"s:326:6:329:Infinity":111,"s:330:6:330:Infinity":112,"s:333:4:333:Infinity":113,"s:334:4:334:Infinity":114,"s:336:4:336:Infinity":115,"s:337:4:341:Infinity":116,"f:348:22:348:Infinity":5,"s:351:20:351:Infinity":117,"s:352:2:450:Infinity":118,"b:354:4:360:Infinity:undefined:undefined:undefined:undefined":37,"s:354:4:360:Infinity":119,"b:354:8:354:20:354:20:354:51:354:51:354:75":38,"s:355:6:359:Infinity":120,"s:362:23:362:Infinity":121,"b:372:4:378:Infinity:undefined:undefined:undefined:undefined":39,"s:372:4:378:Infinity":122,"s:373:6:377:Infinity":123,"s:381:27:383:Infinity":124,"s:385:6:385:Infinity":125,"s:388:28:388:Infinity":126,"b:392:4:430:Infinity:403:11:430:Infinity":40,"s:392:4:430:Infinity":127,"s:393:6:395:Infinity":128,"b:394:47:394:65:394:65:394:71":41,"s:396:6:401:Infinity":129,"s:402:6:402:Infinity":130,"s:405:6:405:Infinity":131,"s:407:24:407:Infinity":132,"b:408:6:414:Infinity:undefined:undefined:undefined:undefined":42,"s:408:6:414:Infinity":133,"s:409:8:413:Infinity":134,"s:416:43:424:Infinity":135,"b:419:14:419:Infinity:420:14:422:Infinity":43,"b:421:16:421:Infinity:422:16:422:Infinity":44,"b:423:16:423:46:423:46:423:Infinity":45,"s:425:6:428:Infinity":136,"s:429:6:429:Infinity":137,"s:432:4:432:Infinity":138,"s:433:4:433:Infinity":139,"s:434:4:434:Infinity":140,"s:435:4:435:Infinity":141,"s:436:4:436:Infinity":142,"s:438:4:438:Infinity":143,"s:440:6:440:Infinity":144,"b:440:31:440:47:440:47:440:Infinity":46,"s:442:6:444:Infinity":145,"b:443:10:443:Infinity:444:10:444:Infinity":47,"s:445:4:449:Infinity":146,"f:456:22:456:Infinity":6,"s:459:20:459:Infinity":147,"s:460:2:543:Infinity":148,"b:462:4:468:Infinity:undefined:undefined:undefined:undefined":48,"s:462:4:468:Infinity":149,"b:462:8:462:20:462:20:462:51:462:51:462:73":49,"s:463:6:467:Infinity":150,"s:470:23:470:Infinity":151,"b:476:4:482:Infinity:undefined:undefined:undefined:undefined":50,"s:476:4:482:Infinity":152,"s:477:6:481:Infinity":153,"s:484:19:484:Infinity":154,"b:484:19:484:40:484:40:484:Infinity":51,"s:487:27:487:Infinity":155,"s:489:6:489:Infinity":156,"s:492:30:492:Infinity":157,"b:496:4:532:Infinity:511:11:532:Infinity":52,"s:496:4:532:Infinity":158,"s:497:6:499:Infinity":159,"b:498:74:498:92:498:92:498:98":53,"s:500:6:509:Infinity":160,"s:510:6:510:Infinity":161,"s:513:6:515:Infinity":162,"s:517:24:517:Infinity":163,"b:518:6:524:Infinity:undefined:undefined:undefined:undefined":54,"s:518:6:524:Infinity":164,"s:519:8:523:Infinity":165,"s:526:24:526:Infinity":166,"s:527:6:530:Infinity":167,"s:531:6:531:Infinity":168,"s:534:4:534:Infinity":169,"s:535:4:535:Infinity":170,"s:537:4:537:Infinity":171,"s:538:4:542:Infinity":172,"f:549:22:549:Infinity":7,"s:552:20:552:Infinity":173,"s:553:2:641:Infinity":174,"b:555:4:566:Infinity:undefined:undefined:undefined:undefined":55,"s:555:4:566:Infinity":175,"b:556:6:556:Infinity:557:6:557:Infinity:558:6:558:Infinity:559:6:559:Infinity":56,"s:561:6:565:Infinity":176,"s:568:23:568:Infinity":177,"b:574:4:580:Infinity:undefined:undefined:undefined:undefined":57,"s:574:4:580:Infinity":178,"s:575:6:579:Infinity":179,"b:582:4:588:Infinity:undefined:undefined:undefined:undefined":58,"s:582:4:588:Infinity":180,"s:583:6:587:Infinity":181,"s:591:27:591:Infinity":182,"b:592:4:598:Infinity:undefined:undefined:undefined:undefined":59,"s:592:4:598:Infinity":183,"s:593:6:597:Infinity":184,"s:599:21:599:Infinity":185,"b:601:4:607:Infinity:undefined:undefined:undefined:undefined":60,"s:601:4:607:Infinity":186,"b:601:8:601:40:601:40:601:69":61,"s:602:6:606:Infinity":187,"s:610:25:613:Infinity":188,"b:615:4:621:Infinity:undefined:undefined:undefined:undefined":62,"s:615:4:621:Infinity":189,"s:616:6:620:Infinity":190,"s:623:4:625:Infinity":191,"s:626:19:630:Infinity":192,"s:632:4:632:Infinity":193,"s:633:4:633:Infinity":194,"s:635:4:635:Infinity":195,"s:636:4:640:Infinity":196,"f:647:22:647:Infinity":8,"s:650:20:650:Infinity":197,"s:651:2:677:Infinity":198,"b:652:4:663:Infinity:undefined:undefined:undefined:undefined":63,"s:652:4:663:Infinity":199,"b:653:6:653:Infinity:654:6:654:Infinity:655:6:655:Infinity:656:6:656:Infinity":64,"s:658:6:662:Infinity":200,"s:664:31:664:Infinity":201,"s:665:22:665:Infinity":202,"s:666:4:670:Infinity":203,"s:672:4:676:Infinity":204,"f:683:22:683:Infinity":9,"s:688:20:688:Infinity":205,"s:689:2:723:Infinity":206,"b:690:4:701:Infinity:undefined:undefined:undefined:undefined":65,"s:690:4:701:Infinity":207,"b:691:6:691:Infinity:692:6:692:Infinity:693:6:693:Infinity:694:6:694:Infinity":66,"s:696:6:700:Infinity":208,"s:702:32:702:Infinity":209,"s:706:32:706:Infinity":210,"s:707:34:707:Infinity":211,"s:708:4:711:Infinity":212,"s:709:17:709:Infinity":213,"s:710:6:710:Infinity":214,"b:710:12:710:24:710:24:710:37":67,"s:712:4:716:Infinity":215,"s:718:4:722:Infinity":216,"f:729:22:729:Infinity":10,"s:732:20:732:Infinity":217,"s:733:2:786:Infinity":218,"b:735:4:741:Infinity:undefined:undefined:undefined:undefined":68,"s:735:4:741:Infinity":219,"b:735:8:735:20:735:20:735:51:735:51:735:73":69,"s:736:6:740:Infinity":220,"s:743:23:743:Infinity":221,"b:748:4:754:Infinity:undefined:undefined:undefined:undefined":70,"s:748:4:754:Infinity":222,"s:749:6:753:Infinity":223,"s:757:22:757:Infinity":224,"b:759:4:765:Infinity:undefined:undefined:undefined:undefined":71,"s:759:4:765:Infinity":225,"s:760:6:764:Infinity":226,"s:767:4:767:Infinity":227,"s:768:19:771:Infinity":228,"s:773:4:773:Infinity":229,"s:774:4:778:Infinity":230,"s:780:4:780:Infinity":231,"s:781:4:785:Infinity":232}}}
,"/Users/jayvicsanantonio/Developer/reflexa-ai/src/background/handlers/settings/settingsHandlers.ts": {"path":"/Users/jayvicsanantonio/Developer/reflexa-ai/src/background/handlers/settings/settingsHandlers.ts","statementMap":{"0":{"start":{"line":15,"column":20},"end":{"line":15,"column":null}},"1":{"start":{"line":16,"column":2},"end":{"line":27,"column":null}},"2":{"start":{"line":17,"column":21},"end":{"line":17,"column":null}},"3":{"start":{"line":19,"column":4},"end":{"line":19,"column":null}},"4":{"start":{"line":21,"column":4},"end":{"line":21,"column":null}},"5":{"start":{"line":22,"column":4},"end":{"line":26,"column":null}},"6":{"start":{"line":36,"column":20},"end":{"line":36,"column":null}},"7":{"start":{"line":37,"column":2},"end":{"line":83,"column":null}},"8":{"start":{"line":39,"column":4},"end":{"line":45,"column":null}},"9":{"start":{"line":40,"column":6},"end":{"line":44,"column":null}},"10":{"start":{"line":48,"column":28},"end":{"line":50,"column":null}},"11":{"start":{"line":53,"column":4},"end":{"line":69,"column":null}},"12":{"start":{"line":54,"column":6},"end":{"line":66,"column":null}},"13":{"start":{"line":55,"column":8},"end":{"line":65,"column":null}},"14":{"start":{"line":56,"column":10},"end":{"line":64,"column":null}},"15":{"start":{"line":58,"column":12},"end":{"line":63,"column":null}},"16":{"start":{"line":63,"column":27},"end":{"line":63,"column":36}},"17":{"start":{"line":68,"column":6},"end":{"line":68,"column":null}},"18":{"start":{"line":71,"column":4},"end":{"line":75,"column":null}},"19":{"start":{"line":77,"column":4},"end":{"line":77,"column":null}},"20":{"start":{"line":78,"column":4},"end":{"line":82,"column":null}},"21":{"start":{"line":90,"column":20},"end":{"line":90,"column":null}},"22":{"start":{"line":91,"column":2},"end":{"line":107,"column":null}},"23":{"start":{"line":93,"column":28},"end":{"line":93,"column":null}},"24":{"start":{"line":95,"column":4},"end":{"line":99,"column":null}},"25":{"start":{"line":101,"column":4},"end":{"line":101,"column":null}},"26":{"start":{"line":102,"column":4},"end":{"line":106,"column":null}}},"fnMap":{"0":{"name":"handleGetSettings","decl":{"start":{"line":14,"column":22},"end":{"line":14,"column":73}},"loc":{"start":{"line":14,"column":73},"end":{"line":28,"column":null}},"line":14},"1":{"name":"handleUpdateSettings","decl":{
[...]
":{"line":67,"column":8},"end":{"line":67,"column":null}},"21":{"start":{"line":71,"column":6},"end":{"line":71,"column":null}},"22":{"start":{"line":72,"column":6},"end":{"line":72,"column":null}},"23":{"start":{"line":73,"column":6},"end":{"line":73,"column":null}},"24":{"start":{"line":75,"column":6},"end":{"line":75,"column":null}},"25":{"start":{"line":77,"column":6},"end":{"line":77,"column":null}},"26":{"start":{"line":78,"column":6},"end":{"line":78,"column":null}},"27":{"start":{"line":88,"column":4},"end":{"line":92,"column":null}},"28":{"start":{"line":95,"column":4},"end":{"line":97,"column":null}},"29":{"start":{"line":96,"column":6},"end":{"line":96,"column":null}},"30":{"start":{"line":106,"column":21},"end":{"line":106,"column":null}},"31":{"start":{"line":106,"column":48},"end":{"line":106,"column":63}},"32":{"start":{"line":107,"column":4},"end":{"line":107,"column":null}},"33":{"start":{"line":107,"column":31},"end":{"line":107,"column":null}},"34":{"start":{"line":109,"column":16},"end":{"line":109,"column":null}},"35":{"start":{"line":109,"column":44},"end":{"line":109,"column":62}},"36":{"start":{"line":110,"column":4},"end":{"line":110,"column":null}},"37":{"start":{"line":119,"column":4},"end":{"line":119,"column":null}},"38":{"start":{"line":119,"column":38},"end":{"line":119,"column":53}},"39":{"start":{"line":127,"column":4},"end":{"line":127,"column":null}},"40":{"start":{"line":134,"column":4},"end":{"line":134,"column":null}},"41":{"start":{"line":142,"column":4},"end":{"line":145,"column":null}},"42":{"start":{"line":143,"column":6},"end":{"line":143,"column":null}},"43":{"start":{"line":144,"column":6},"end":{"line":144,"column":null}},"44":{"start":{"line":147,"column":4},"end":{"line":147,"column":null}},"45":{"start":{"line":148,"column":4},"end":{"line":148,"column":null}},"46":{"start":{"line":149,"column":4},"end":{"line":149,"column":null}},"47":{"start":{"line":151,"column":25},"end":{"line":172,"column":null}},"48":{"start":{"line":152,"column":20},"end":{"line":152,"column":null}},"49":{"start":{"line":153,"column":6},"end":{"line":153,"column":null}},"50":{"start":{"line":154,"column":6},"end":{"line":154,"column":null}},"51":{"start":{"line":157,"column":18},"end":{"line":157,"column":null}},"52":{"start":{"line":158,"column":6},"end":{"line":158,"column":null}},"53":{"start":{"line":161,"column":6},"end":{"line":163,"column":null}},"54":{"start":{"line":162,"column":8},"end":{"line":162,"column":null}},"55":{"start":{"line":166,"column":21},"end":{"line":166,"column":null}},"56":{"start":{"line":167,"column":6},"end":{"line":169,"column":null}},"57":{"start":{"line":168,"column":8},"end":{"line":168,"column":null}},"58":{"start":{"line":171,"column":6},"end":{"line":171,"column":null}},"59":{"start":{"line":174,"column":4},"end":{"line":174,"column":null}},"60":{"start":{"line":175,"column":4},"end":{"line":175,"column":null}},"61":{"start":{"line":182,"column":4},"end":{"line":188,"column":null}},"62":{"start":{"line":183,"column":6},"end":{"line":183,"column":null}},"63":{"start":{"line":184,"column":6},"end":{"line":184,"column":null}},"64":{"start":{"line":185,"column":6},"end":{"line":187,"column":null}},"65":{"start":{"line":196,"column":4},"end":{"line":196,"column":null}},"66":{"start":{"line":196,"column":38},"end":{"line":196,"column":null}},"67":{"start":{"line":198,"column":16},"end":{"line":198,"column":null}},"68":{"start":{"line":198,"column":53},"end":{"line":198,"column":64}},"69":{"start":{"line":199,"column":4},"end":{"line":199,"column":null}},"70":{"start":{"line":207,"column":4},"end":{"line":207,"column":null}},"71":{"start":{"line":207,"column":38},"end":{"line":207,"column":null}},"72":{"start":{"line":208,"column":4},"end":{"line":208,"column":null}},"73":{"start":{"line":217,"column":4},"end":{"line":225,"column":null}},"74":{"start":{"line":218,"column":22},"end":{"line":219,"column":null}},"75":{"start":{"line":220,"column":6},"end":{"line":224,"column":null}},"76":{"start":{"line":226,"column":4},"end":{"line":226,"column":null}},"77":{"start":{"line":233,"column":19},"end":{"line":233,"column":null}},"78":{"start":{"line":234,"column":4},"end":{"line":237,"column":null}},"79":{"start":{"line":235,"column":6},"end":{"line":235,"column":null}},"80":{"start":{"line":236,"column":6},"end":{"line":236,"column":null}},"81":{"start":{"line":239,"column":10},"end":{"line":239,"column":null}},"82":{"start":{"line":240,"column":10},"end":{"line":240,"column":null}},"83":{"start":{"line":241,"column":10},"end":{"line":241,"column":null}},"84":{"start":{"line":242,"column":10},"end":{"line":245,"column":null}},"85":{"start":{"line":247,"column":4},"end":{"line":249,"column":null}},"86":{"start":{"line":252,"column":4},"end":{"line":256,"column":null}},"87":{"start":{"line":253,"column":6},"end":{"line":255,"column":null}},"88":{"start":{"line":269,"column":52},"end":{"line":269,"column":null}},"89":{"start":{"line":270,"column":4},"end":{"line":275,"column":null}},"90":{"start":{"line":271,"column":6},"end":{"line":273,"column":null}},"91":{"start":{"line":272,"column":8},"end":{"line":272,"column":null}},"92":{"start":{"line":274,"column":6},"end":{"line":274,"column":null}},"93":{"start":{"line":281,"column":8},"end":{"line":281,"column":null}},"94":{"start":{"line":282,"column":4},"end":{"line":287,"column":null}},"95":{"start":{"line":283,"column":18},"end":{"line":283,"column":null}},"96":{"start":{"line":283,"column":45},"end":{"line":283,"column":52}},"97":{"start":{"line":284,"column":18},"end":{"line":284,"column":null}},"98":{"start":{"line":285,"column":18},"end":{"line":285,"column":null}},"99":{"start":{"line":286,"column":6},"end":{"line":286,"column":null}},"100":{"start":{"line":289,"column":4},"end":{"line":296,"column":null}},"101":{"start":{"line":303,"column":19},"end":{"line":303,"column":null}},"102":{"start":{"line":305,"column":4},"end":{"line":305,"column":null}},"103":{"start":{"line":307,"column":4},"end":{"line":307,"column":null}},"104":{"start":{"line":308,"column":4},"end":{"line":312,"column":null}},"105":{"start":{"line":309,"column":6},"end":{"line":311,"column":null}},"106":{"start":{"line":313,"column":4},"end":{"line":313,"column":null}},"107":{"start":{"line":315,"column":4},"end":{"line":319,"column":null}},"108":{"start":{"line":316,"column":6},"end":{"line":318,"column":null}},"109":{"start":{"line":321,"column":4},"end":{"line":324,"column":null}},"110":{"start":{"line":322,"column":12},"end":{"line":322,"column":null}},"111":{"start":{"line":323,"column":6},"end":{"line":323,"column":null}},"112":{"start":{"line":326,"column":4},"end":{"line":326,"column":null}},"113":{"start":{"line":331,"column":34},"end":{"line":331,"column":null}}},"fnMap":{"0":{"name":"(anonymous_0)","decl":{"start":{"line":34,"column":2},"end":{"line":34,"column":15}},"loc":{"start":{"line":34,"column":37},"end":{"line":38,"column":null}},"line":34},"1":{"name":"(anonymous_1)","decl":{"start":{"line":46,"column":2},"end":{"line":46,"column":13}},"loc":{"start":{"line":46,"column":54},"end":{"line":80,"column":null}},"line":46},"2":{"name":"(anonymous_2)","decl":{"start":{"line":87,"column":10},"end":{"line":87,"column":20}},"loc":{"start":{"line":87,"column":58},"end":{"line":98,"column":null}},"line":87},"3":{"name":"(anonymous_3)","decl":{"start":{"line":105,"column":2},"end":{"line":105,"column":21}},"loc":{"start":{"line":105,"column":43},"end":{"line":111,"column":null}},"line":105},"4":{"name":"(anonymous_4)","decl":{"start":{"line":106,"column":41},"end":{"line":106,"column":42}},"loc":{"start":{"line":106,"column":48},"end":{"line":106,"column":63}},"line":106},"5":{"name":"(anonymous_5)","decl":{"start":{"line":109,"column":32},"end":{"line":109,"column":33}},"loc":{"start":{"line":109,"column":44},"end":{"line":109,"column":62}},"line":109},"6":{"name":"(anonymous_6)","decl":{"start":{"line":118,"column":2},"end":{"line":118,"column":13}},"loc":{"start":{"line":118,"column":48},"end":{"line":120,"column":null}},"line":118},"7":{"name":"(anonymous_7)","decl":{"start":{"line":119,"column":31},"end":{"line":119,"column":32}},"loc":{"start":{"line":119,"column":38},"end":{"line":119,"column":53}},"line":119},"8":{"name":"(anonymous_8)","decl":{"start":{"line":126,"column":2},"end":{"line":126,"column":39}},"loc":{"start":{"line":126,"column":39},"end":{"line":128,"column":null}},"line":126},"9":{"name":"(anonymous_9)","decl":{"start":{"line":133,"column":2},"end":{"line":133,"column":23}},"loc":{"start":{"line":133,"column":23},"end":{"line":135,"column":null}},"line":133},"10":{"name":"(anonymous_10)","decl":{"start":{"line":141,"column":2},"end":{"line":141,"column":35}},"loc":{"start":{"line":141,"column":35},"end":{"line":176,"column":null}},"line":141},"11":{"name":"(anonymous_11)","decl":{"start":{"line":151,"column":25},"end":{"line":151,"column":26}},"loc":{"start":{"line":151,"column":50},"end":{"line":172,"column":null}},"line":151},"12":{"name":"(anonymous_12)","decl":{"start":{"line":181,"column":2},"end":{"line":181,"column":34}},"loc":{"start":{"line":181,"column":34},"end":{"line":189,"column":null}},"line":181},"13":{"name":"(anonymous_13)","decl":{"start":{"line":195,"column":2},"end":{"line":195,"column":32}},"loc":{"start":{"line":195,"column":32},"end":{"line":200,"column":null}},"line":195},"14":{"name":"(anonymous_14)","decl":{"start":{"line":198,"column":39},"end":{"line":198,"column":40}},"loc":{"start":{"line":198,"column":53},"end":{"line":198,"column":64}},"line":198},"15":{"name":"(anonymous_15)","decl":{"start":{"line":206,"column":2},"end":{"line":206,"column":32}},"loc":{"start":{"line":206,"column":32},"end":{"line":209,"column":null}},"line":206},"16":{"name":"(anonymous_16)","decl":{"start":{"line":215,"column":2},"end":{"line":215,"column":38}},"loc":{"start":{"line":215,"column":38},"end":{"line":227,"column":null}},"line":215},"17":{"name":"(anonymous_17)","decl":{"start":{"line":232,"column":2},"end":{"line":232,"column":25}},"loc":{"start":{"line":232,"column":25},"end":{"line":257,"column":null}},"line":232},"18":{"name":"(anonymous_18)","decl":{"start":{"line":263,"column":2},"end":{"line":263,"column":null}},"loc":{"start":{"line":267,"column":4},"end":{"line":297,"column":null}},"line":267},"19":{"name":"(anonymous_19)","decl":{"start":{"line":283,"column":35},"end":{"line":283,"column":36}},"loc":{"start":{"line":283,"column":45},"end":{"line":283,"column":52}},"line":283},"20":{"name":"(anonymous_20)","decl":{"start":{"line":302,"column":2},"end":{"line":302,"column":20}},"loc":{"start":{"line":302,"column":20},"end":{"line":327,"column":null}},"line":302}},"branchMap":{"0":{"loc":{"start":{"line":47,"column":22},"end":{"line":47,"column":null}},"type":"binary-expr","locations":[{"start":{"line":47,"column":22},"end":{"line":47,"column":34}},{"start":{"line":47,"column":34},"end":{"line":47,"column":null}}],"line":47},"1":{"loc":{"start":{"line":62,"column":6},"end":{"line":68,"column":null}},"type":"if","locations":[{"start":{"line":62,"column":6},"end":{"line":68,"column":null}},{"start":{"line":66,"column":13},"end":{"line":68,"column":null}}],"line":62},"2":{"loc":{"start":{"line":95,"column":4},"end":{"line":97,"column":null}},"type":"if","locations":[{"start":{"line":95,"column":4},"end":{"line":97,"column":null}},{"start":{},"end":{}}],"line":95},"3":{"loc":{"start":{"line":107,"column":4},"end":{"line":107,"column":null}},"type":"if","locations":[{"start":{"line":107,"column":4},"end":{"line":107,"column":null}},{"start":{},"end":{}}],"line":107},"4":{"loc":{"start":{"line":142,"column":4},"end":{"line":145,"column":null}},"type":"if","locations":[{"start":{"line":142,"column":4},"end":{"line":145,"column":null}},{"start":{},"end":{}}],"line":142},"5":{"loc":{"start":{"line":161,"column":6},"end":{"line":163,"column":null}},"type":"if","locations":[{"start":{"line":161,"column":6},"end":{"line":163,"column":null}},{"start":{},"end":{}}],"line":161},"6":{"loc":{"start":{"line":167,"column":6},"end":{"line":169,"column":null}},"type":"if","locations":[{"start":{"line":167,"column":6},"end":{"line":169,"column":null}},{"start":{},"end":{}}],"line":167},"7":{"loc":{"start":{"line":167,"column":10},"end":{"line":167,"column":53}},"type":"binary-expr","locations":[{"start":{"line":167,"column":10},"end":{"line":167,"column":25}},{"start":{"line":167,"column":25},"end":{"line":167,"column":53}}],"line":167},"8":{"loc":{"start":{"line":182,"column":4},"end":{"line":188,"column":null}},"type":"if","locations":[{"start":{"line":182,"column":4},"end":{"line":188,"column":null}},{"start":{},"end":{}}],"line":182},"9":{"loc":{"start":{"line":196,"column":4},"end":{"line":196,"column":null}},"type":"if","locations":[{"start":{"line":196,"column":4},"end":{"line":196,"column":null}},{"start":{},"end":{}}],"line":196},"10":{"loc":{"start":{"line":207,"column":4},"end":{"line":207,"column":null}},"type":"if","locations":[{"start":{"line":207,"column":4},"end":{"line":207,"column":null}},{"start":{},"end":{}}],"line":207},"11":{"loc":{"start":{"line":217,"column":4},"end":{"line":225,"column":null}},"type":"if","locations":[{"start":{"line":217,"column":4},"end":{"line":225,"column":null}},{"start":{},"end":{}}],"line":217},"12":{"loc":{"start":{"line":234,"column":4},"end":{"line":237,"column":null}},"type":"if","locations":[{"start":{"line":234,"column":4},"end":{"line":237,"column":null}},{"start":{},"end":{}}],"line":234},"13":{"loc":{"start":{"line":252,"column":4},"end":{"line":256,"column":null}},"type":"if","locations":[{"start":{"line":252,"column":4},"end":{"line":256,"column":null}},{"start":{},"end":{}}],"line":252},"14":{"loc":{"start":{"line":271,"column":6},"end":{"line":273,"column":null}},"type":"if","locations":[{"start":{"line":271,"column":6},"end":{"line":273,"column":null}},{"start":{},"end":{}}],"line":271},"15":{"loc":{"start":{"line":315,"column":4},"end":{"line":319,"column":null}},"type":"if","locations":[{"start":{"line":315,"column":4},"end":{"line":319,"column":null}},{"start":{},"end":{}}],"line":315},"16":{"loc":{"start":{"line":321,"column":4},"end":{"line":324,"column":null}},"type":"if","locations":[{"start":{"line":321,"column":4},"end":{"line":324,"column":null}},{"start":{},"end":{}}],"line":321}},"s":{"0":6,"1":6,"2":6,"3":6,"4":6,"5":6,"6":28,"7":28,"8":28,"9":28,"10":28,"11":28,"12":28,"13":28,"14":28,"15":28,"16":28,"17":28,"18":28,"19":6,"20":22,"21":28,"22":28,"23":28,"24":28,"25":0,"26":0,"27":28,"28":28,"29":0,"30":1,"31":5,"32":1,"33":0,"34":1,"35":5,"36":1,"37":1,"38":5,"39":0,"40":15,"41":2,"42":0,"43":0,"44":2,"45":2,"46":2,"47":2,"48":4294,"49":4294,"50":4294,"51":4294,"52":4294,"53":4294,"54":4174,"55":4294,"56":4294,"57":0,"58":4294,"59":2,"60":2,"61":17,"62":2,"63":2,"64":2,"65":4300,"66":0,"67":4300,"68":254460,"69":4300,"70":3,"71":0,"72":3,"73":5,"74":0,"75":0,"76":5,"77":2,"78":2,"79":2,"80":2,"81":0,"82":0,"83":0,"84":0,"85":0,"86":0,"87":0,"88":2,"89":2,"90":3,"91":3,"92":3,"93":2,"94":2,"95":3,"96":3,"97":3,"98":3,"99":3,"100":2,"101":1,"102":1,"103":1,"104":1,"105":1,"106":1,"107":1,"108":1,"109":1,"110":0,"111":0,"112":1,"113":6},"f":{"0":28,"1":28,"2":28,"3":1,"4":5,"5":5,"6":1,"7":5,"8":0,"9":15,"10":2,"11":4294,"12":17,"13":4300,"14":254460,"15":3,"16":5,"17":2,"18":2,"19":3,"20":1},"b":{"0":[28,28],"1":[6,22],"2":[0,28],"3":[0,1],"4":[0,2],"5":[4174,120],"6":[0,4294],"7":[4294,0],"8":[2,15],"9":[0,4300],"10":[0,3],"11":[0,5],"12":[2,0],"13":[0,0],"14":[3,0],"15":[1,0],"16":[0,1]},"meta":{"lastBranch":17,"lastFunction":21,"lastStatement":114,"seen":{"s:22:41:22:Infinity":0,"s:23:23:23:Infinity":1,"s:24:33:24:Infinity":2,"s:25:26:25:Infinity":3,"s:26:23:26:Infinity":4,"s:27:33:27:Infinity":5,"f:34:2:34:15":0,"s:35:21:35:Infinity":6,"s:36:4:36:Infinity":7,"s:37:4:37:Infinity":8,"f:46:2:46:13":1,"s:47:22:47:Infinity":9,"b:47:22:47:34:47:34:47:Infinity":0,"s:48:20:48:Infinity":10,"s:49:24:49:Infinity":11,"s:51:4:51:Infinity":12,"s:53:4:79:Infinity":13,"s:54:6:54:Infinity":14,"s:55:22:55:Infinity":15,"s:56:23:56:Infinity":16,"s:59:6:59:Infinity":17,"b:62:6:68:Infinity:66:13:68:Infinity":1,"s:62:6:68:Infinity":18,"s:63:8:65:Infinity":19,"s:67:8:67:Infinity":20,"s:71:6:71:Infinity":21,"s:72:6:72:Infinity":22,"s:73:6:73:Infinity":23,"s:75:6:75:Infinity":24,"s:77:6:77:Infinity":25,"s:78:6:78:Infinity":26,"f:87:10:87:20":2,"s:88:4:92:Infinity":27,"b:95:4:97:Infinity:undefined:undefined:undefined:undefined":2,"s:95:4:97:Infinity":28,"s:96:6:96:Infinity":29,"f:105:2:105:21":3,"s:106:21:106:Infinity":30,"f:106:41:106:42":4,"s:106:48:106:63":31,"b:107:4:107:Infinity:undefined:undefined:undefined:undefined":3,"s:107:4:107:Infinity":32,"s:107:31:107:Infinity":33,"s:109:16:109:Infinity":34,"f:109:32:109:33":5,"s:109:44:109:62":35,"s:110:4:110:Infinity":36,"f:118:2:118:13":6,"s:119:4:119:Infinity":37,"f:119:31:119:32":7,"s:119:38:119:53":38,"f:126:2:126:39":8,"s:127:4:127:Infinity":39,"f:133:2:133:23":9,"s:134:4:134:Infinity":40,"f:141:2:141:35":10,"b:142:4:145:Infinity:undefined:undefined:undefined:undefined":4,"s:142:4:145:Infinity":41,"s:143:6:143:Infinity":42,"s:144:6:144:Infinity":43,"s:147:4:147:Infinity":44,"s:148:4:148:Infinity":45,"s:149:4:149:Infinity":46,"s:151:25:172:Infinity":47,"f:151:25:151:26":11,"s:152:20:152:Infinity":48,"s:153:6:153:Infinity":49,"s:154:6:154:Infinity":50,"s:157:18:157:Infinity":51,"s:158:6:158:Infinity":52,"b:161:6:163:Infinity:undefined:undefined:undefined:undefined":5,"s:161:6:163:Infinity":53,"s:162:8:162:Infinity":54,"s:166:21:166:Infinity":55,"b:167:6:169:Infinity:undefined:undefined:undefined:undefined":6,"s:167:6:169:Infinity":56,"b:167:10:167:25:167:25:167:53":7,"s:168:8:168:Infinity":57,"s:171:6:171:Infinity":58,"s:174:4:174:Infinity":59,"s:175:4:175:Infinity":60,"f:181:2:181:34":12,"b:182:4:188:Infinity:undefined:undefined:undefined:undefined":8,"s:182:4:188:Infinity":61,"s:183:6:183:Infinity":62,"s:184:6:184:Infinity":63,"s:185:6:187:Infinity":64,"f:195:2:195:32":13,"b:196:4:196:Infinity:undefined:undefined:undefined:undefined":9,"s:196:4:196:Infinity":65,"s:196:38:196:Infinity":66,"s:198:16:198:Infinity":67,"f:198:39:198:40":14,"s:198:53:198:64":68,"s:199:4:199:Infinity":69,"f:206:2:206:32":15,"b:207:4:207:Infinity:undefined:undefined:undefined:undefined":10,"s:207:4:207:Infinity":70,"s:207:38:207:Infinity":71,"s:208:4:208:Infinity":72,"f:215:2:215:38":16,"b:217:4:225:Infinity:undefined:undefined:undefined:undefined":11,"s:217:4:225:Infinity":73,"s:218:22:219:Infinity":74,"s:220:6:224:Infinity":75,"s:226:4:226:Infinity":76,"f:232:2:232:25":17,"s:233:19:233:Infinity":77,"b:234:4:237:Infinity:undefined:undefined:undefined:undefined":12,"s:234:4:237:Infinity":78,"s:235:6:235:Infinity":79,"s:236:6:236:Infinity":80,"s:239:10:239:Infinity":81,"s:240:10:240:Infinity":82,"s:241:10:241:Infinity":83,"s:242:10:245:Infinity":84,"s:247:4:249:Infinity":85,"b:252:4:256:Infinity:undefined:undefined:undefined:undefined":13,"s:252:4:256:Infinity":86,"s:253:6:255:Infinity":87,"f:263:2:263:Infinity":18,"s:269:52:269:Infinity":88,"s:270:4:275:Infinity":89,"b:271:6:273:Infinity:undefined:undefined:undefined:undefined":14,"s:271:6:273:Infinity":90,"s:272:8:272:Infinity":91,"s:274:6:274:Infinity":92,"s:281:8:281:Infinity":93,"s:282:4:287:Infinity":94,"s:283:18:283:Infinity":95,"f:283:35:283:36":19,"s:283:45:283:52":96,"s:284:18:284:Infinity":97,"s:285:18:285:Infinity":98,"s:286:6:286:Infinity":99,"s:289:4:296:Infinity":100,"f:302:2:302:20":20,"s:303:19:303:Infinity":101,"s:305:4:305:Infinity":102,"s:307:4:307:Infinity":103,"s:308:4:312:Infinity":104,"s:309:6:311:Infinity":105,"s:313:4:313:Infinity":106,"b:315:4:319:Infinity:undefined:undefined:undefined:undefined":15,"s:315:4:319:Infinity":107,"s:316:6:318:Infinity":108,"b:321:4:324:Infinity:undefined:undefined:undefined:undefined":16,"s:321:4:324:Infinity":109,"s:322:12:322:Infinity":110,"s:323:6:323:Infinity":111,"s:326:4:326:Infinity":112,"s:331:34:331:Infinity":113}}}
}
